2023-05-12 16:54:49,258 [Worker-2: Loading available Gradle versions] INFO  o.e.b.c.i.u.g.PublishedGradleVersions - Gradle version information cache is up-to-date. Trying to read.
2023-05-12 16:56:51,262 [Worker-35: Updating Maven Dependencies] INFO  o.e.m.c.i.l.LifecycleMappingFactory - Using org.eclipse.m2e.jdt.JarLifecycleMapping lifecycle mapping for MavenProject: com.project:HQL:0.0.1-SNAPSHOT @ C:\Users\dines\eclipse-workspace\HQL\pom.xml.
2023-05-12 16:56:51,952 [Worker-35: Updating Maven Dependencies] WARN  o.e.m.c.i.embedder.EclipseLogger - The POM for hibernateproject:HibernateProject:jar:0.0.1-SNAPSHOT is missing, no dependency information available
2023-05-12 16:56:51,955 [Worker-35: Updating Maven Dependencies] WARN  o.e.m.c.i.embedder.EclipseLogger - The artifact mysql:mysql-connector-java:jar:8.0.32 has been relocated to com.mysql:mysql-connector-j:jar:8.0.32: MySQL Connector/J artifacts moved to reverse-DNS compliant Maven 2+ coordinates.
2023-05-12 16:56:53,354 [Worker-7: Download sources and javadoc] ERROR o.e.m.j.internal.DownloadSourcesJob - Could not download sources for hibernateproject:HibernateProject:0.0.1-SNAPSHOT
org.eclipse.core.runtime.CoreException: Could not resolve artifact hibernateproject:HibernateProject:jar:sources:0.0.1-SNAPSHOT
	at org.eclipse.m2e.core.internal.embedder.MavenImpl.lambda$6(MavenImpl.java:584)
	at org.eclipse.m2e.core.internal.embedder.MavenExecutionContext.executeBare(MavenExecutionContext.java:394)
	at org.eclipse.m2e.core.internal.embedder.MavenExecutionContext.execute(MavenExecutionContext.java:228)
	at org.eclipse.m2e.core.internal.embedder.MavenExecutionContext.execute(MavenExecutionContext.java:214)
	at org.eclipse.m2e.core.internal.embedder.MavenImpl.resolve(MavenImpl.java:553)
	at org.eclipse.m2e.core.internal.embedder.MavenImpl.resolve(MavenImpl.java:538)
	at org.eclipse.m2e.jdt.internal.DownloadSourcesJob.download(DownloadSourcesJob.java:308)
	at org.eclipse.m2e.jdt.internal.DownloadSourcesJob.downloadAttachments(DownloadSourcesJob.java:282)
	at org.eclipse.m2e.jdt.internal.DownloadSourcesJob.downloadMaven(DownloadSourcesJob.java:252)
	at org.eclipse.m2e.jdt.internal.DownloadSourcesJob.downloadFilesAndPopulateToUpdate(DownloadSourcesJob.java:220)
	at org.eclipse.m2e.jdt.internal.DownloadSourcesJob.lambda$0(DownloadSourcesJob.java:149)
	at org.eclipse.m2e.core.internal.embedder.MavenExecutionContext.executeBare(MavenExecutionContext.java:394)
	at org.eclipse.m2e.core.internal.embedder.MavenExecutionContext.execute(MavenExecutionContext.java:275)
	at org.eclipse.m2e.core.internal.embedder.MavenExecutionContext.execute(MavenExecutionContext.java:214)
	at org.eclipse.m2e.core.embedder.IMaven.execute(IMaven.java:294)
	at org.eclipse.m2e.jdt.internal.DownloadSourcesJob.run(DownloadSourcesJob.java:149)
	at org.eclipse.core.internal.jobs.Worker.run(Worker.java:63)
2023-05-12 16:56:53,930 [Worker-4: Building] INFO  o.e.m.c.i.l.LifecycleMappingFactory - Using org.eclipse.m2e.jdt.JarLifecycleMapping lifecycle mapping for MavenProject: com.hibernateproject:HCQLProject:0.0.1-SNAPSHOT @ C:\Users\dines\eclipse-workspace\HCQLProject\pom.xml.
2023-05-12 16:56:54,063 [Worker-4: Building] WARN  o.e.m.c.i.embedder.EclipseLogger - The artifact mysql:mysql-connector-java:jar:8.0.32 has been relocated to com.mysql:mysql-connector-j:jar:8.0.32: MySQL Connector/J artifacts moved to reverse-DNS compliant Maven 2+ coordinates.
2023-05-12 16:56:54,633 [Worker-4: Building] INFO  o.e.m.c.i.embedder.EclipseLogger - Using 'UTF-8' encoding to copy filtered resources.
2023-05-12 16:56:54,634 [Worker-4: Building] INFO  o.e.m.c.i.embedder.EclipseLogger - skip non existing resourceDirectory C:\Users\dines\eclipse-workspace\HCQLProject\src\main\resources
2023-05-12 16:56:54,640 [Worker-4: Building] INFO  o.e.m.c.i.embedder.EclipseLogger - Using 'UTF-8' encoding to copy filtered resources.
2023-05-12 16:56:54,640 [Worker-4: Building] INFO  o.e.m.c.i.embedder.EclipseLogger - skip non existing resourceDirectory C:\Users\dines\eclipse-workspace\HCQLProject\src\test\resources
2023-05-12 16:56:54,680 [Worker-4: Building] INFO  o.e.m.c.i.embedder.EclipseLogger - Using 'UTF-8' encoding to copy filtered resources.
2023-05-12 16:56:54,680 [Worker-4: Building] INFO  o.e.m.c.i.embedder.EclipseLogger - skip non existing resourceDirectory C:\Users\dines\eclipse-workspace\HQL\src\main\resources
2023-05-12 16:56:54,683 [Worker-4: Building] INFO  o.e.m.c.i.embedder.EclipseLogger - Using 'UTF-8' encoding to copy filtered resources.
2023-05-12 16:56:54,683 [Worker-4: Building] INFO  o.e.m.c.i.embedder.EclipseLogger - skip non existing resourceDirectory C:\Users\dines\eclipse-workspace\HQL\src\test\resources
2023-05-12 16:56:54,966 [Worker-4: Building] INFO  o.e.m.c.i.l.LifecycleMappingFactory - Using org.eclipse.m2e.jdt.JarLifecycleMapping lifecycle mapping for MavenProject: hibernateproject:HibernateProject:0.0.1-SNAPSHOT @ C:\Users\dines\eclipse-workspace\HibernateProject\pom.xml.
2023-05-12 16:56:55,053 [Worker-4: Building] WARN  o.e.m.c.i.embedder.EclipseLogger - The artifact mysql:mysql-connector-java:jar:8.0.32 has been relocated to com.mysql:mysql-connector-j:jar:8.0.32: MySQL Connector/J artifacts moved to reverse-DNS compliant Maven 2+ coordinates.
2023-05-12 16:56:55,106 [Worker-4: Building] INFO  o.e.m.c.i.l.LifecycleMappingFactory - Using org.eclipse.m2e.jdt.JarLifecycleMapping lifecycle mapping for MavenProject: com.project:HQL:0.0.1-SNAPSHOT @ C:\Users\dines\eclipse-workspace\HQL\pom.xml.
2023-05-12 16:56:55,111 [Worker-4: Building] WARN  o.e.m.c.i.embedder.EclipseLogger - The artifact mysql:mysql-connector-java:jar:8.0.32 has been relocated to com.mysql:mysql-connector-j:jar:8.0.32: MySQL Connector/J artifacts moved to reverse-DNS compliant Maven 2+ coordinates.
2023-05-12 16:56:55,122 [Worker-4: Building] INFO  o.e.m.c.i.p.WorkspaceClassifierResolverManager - Resolving P/HibernateProject: hibernateproject:HibernateProject:0.0.1-SNAPSHOT with classifier  to /HibernateProject/target/classes
2023-05-12 16:56:55,261 [Worker-4: Building] INFO  o.e.m.c.i.embedder.EclipseLogger - Using 'UTF-8' encoding to copy filtered resources.
2023-05-12 16:56:55,261 [Worker-4: Building] INFO  o.e.m.c.i.embedder.EclipseLogger - skip non existing resourceDirectory C:\Users\dines\eclipse-workspace\HibernateProject\src\main\resources
2023-05-12 16:56:55,263 [Worker-4: Building] INFO  o.e.m.c.i.embedder.EclipseLogger - Using 'UTF-8' encoding to copy filtered resources.
2023-05-12 16:56:55,263 [Worker-4: Building] INFO  o.e.m.c.i.embedder.EclipseLogger - skip non existing resourceDirectory C:\Users\dines\eclipse-workspace\HibernateProject\src\test\resources
2023-05-12 16:56:55,582 [Worker-4: Building] INFO  o.e.m.c.i.l.LifecycleMappingFactory - Using org.maven.ide.eclipse.wtp.WarLifecycleMapping lifecycle mapping for MavenProject: com.hibernateproject:HibernateWebApp:0.0.1-SNAPSHOT @ C:\Users\dines\eclipse-workspace\HibernateWebApp\pom.xml.
2023-05-12 16:56:55,774 [Worker-4: Building] WARN  o.e.m.c.i.embedder.EclipseLogger - The artifact mysql:mysql-connector-java:jar:8.0.32 has been relocated to com.mysql:mysql-connector-j:jar:8.0.32: MySQL Connector/J artifacts moved to reverse-DNS compliant Maven 2+ coordinates.
2023-05-12 16:56:55,869 [Worker-4: Building] WARN  o.e.m.c.i.embedder.EclipseLogger - The artifact mysql:mysql-connector-java:jar:8.0.32 has been relocated to com.mysql:mysql-connector-j:jar:8.0.32: MySQL Connector/J artifacts moved to reverse-DNS compliant Maven 2+ coordinates.
2023-05-12 16:56:56,697 [Worker-4: Building] WARN  o.e.m.c.i.embedder.EclipseLogger - Using platform encoding (Cp1252 actually) to copy filtered resources, i.e. build is platform dependent!
2023-05-12 16:56:56,702 [Worker-4: Building] INFO  o.e.m.c.i.embedder.EclipseLogger - Copying 0 resource
2023-05-12 16:56:56,705 [Worker-4: Building] WARN  o.e.m.c.i.embedder.EclipseLogger - Using platform encoding (Cp1252 actually) to copy filtered resources, i.e. build is platform dependent!
2023-05-12 16:56:56,707 [Worker-4: Building] INFO  o.e.m.c.i.embedder.EclipseLogger - skip non existing resourceDirectory C:\Users\dines\eclipse-workspace\HibernateWebApp\src\test\resources
2023-05-12 16:56:57,082 [Worker-4: Building] INFO  o.e.m.c.i.l.LifecycleMappingFactory - Using org.eclipse.m2e.jdt.JarLifecycleMapping lifecycle mapping for MavenProject: hibernatedemo:HibrnateDemo:0.0.1-SNAPSHOT @ C:\Users\dines\eclipse-workspace\HibrnateDemo\pom.xml.
2023-05-12 16:56:57,112 [Worker-4: Building] INFO  o.e.m.c.i.embedder.EclipseLogger - Using 'UTF-8' encoding to copy filtered resources.
2023-05-12 16:56:57,113 [Worker-4: Building] INFO  o.e.m.c.i.embedder.EclipseLogger - skip non existing resourceDirectory C:\Users\dines\eclipse-workspace\HibrnateDemo\src\main\resources
2023-05-12 16:56:57,115 [Worker-4: Building] INFO  o.e.m.c.i.embedder.EclipseLogger - Using 'UTF-8' encoding to copy filtered resources.
2023-05-12 16:56:57,116 [Worker-4: Building] INFO  o.e.m.c.i.embedder.EclipseLogger - skip non existing resourceDirectory C:\Users\dines\eclipse-workspace\HibrnateDemo\src\test\resources
2023-05-12 16:56:58,983 [Worker-30: Building] INFO  o.e.m.c.i.l.LifecycleMappingFactory - Using org.eclipse.m2e.jdt.JarLifecycleMapping lifecycle mapping for MavenProject: com.spring:SpringProject:0.0.1-SNAPSHOT @ C:\Users\dines\eclipse-workspace\SpringProject\pom.xml.
2023-05-12 16:56:59,015 [Worker-30: Building] WARN  o.e.m.c.i.embedder.EclipseLogger - The artifact mysql:mysql-connector-java:jar:8.0.32 has been relocated to com.mysql:mysql-connector-j:jar:8.0.32: MySQL Connector/J artifacts moved to reverse-DNS compliant Maven 2+ coordinates.
2023-05-12 16:56:59,117 [Worker-30: Building] INFO  o.e.m.c.i.embedder.EclipseLogger - Using 'UTF-8' encoding to copy filtered resources.
2023-05-12 16:56:59,117 [Worker-30: Building] INFO  o.e.m.c.i.embedder.EclipseLogger - skip non existing resourceDirectory C:\Users\dines\eclipse-workspace\SpringProject\src\main\resources
2023-05-12 16:56:59,121 [Worker-30: Building] INFO  o.e.m.c.i.embedder.EclipseLogger - Using 'UTF-8' encoding to copy filtered resources.
2023-05-12 16:56:59,122 [Worker-30: Building] INFO  o.e.m.c.i.embedder.EclipseLogger - skip non existing resourceDirectory C:\Users\dines\eclipse-workspace\SpringProject\src\test\resources
2023-05-12 17:00:20,646 [Worker-25: Building] WARN  o.e.m.c.i.embedder.EclipseLogger - Using platform encoding (Cp1252 actually) to copy filtered resources, i.e. build is platform dependent!
2023-05-12 17:00:20,659 [Worker-25: Building] INFO  o.e.m.c.i.embedder.EclipseLogger - Copying 0 resource
2023-05-12 17:00:20,661 [Worker-25: Building] WARN  o.e.m.c.i.embedder.EclipseLogger - Using platform encoding (Cp1252 actually) to copy filtered resources, i.e. build is platform dependent!
2023-05-12 17:00:20,662 [Worker-25: Building] INFO  o.e.m.c.i.embedder.EclipseLogger - skip non existing resourceDirectory C:\Users\dines\eclipse-workspace\HibernateWebApp\src\test\resources
2023-05-12 17:02:02,268 [Worker-24: Updating Maven Project] INFO  o.e.m.c.i.p.ProjectConfigurationManager - Update started
2023-05-12 17:02:02,321 [Worker-24: Updating Maven Project] INFO  o.e.m.c.i.l.LifecycleMappingFactory - Using org.maven.ide.eclipse.wtp.WarLifecycleMapping lifecycle mapping for MavenProject: com.hibernateproject:HibernateWebApp:0.0.1-SNAPSHOT @ C:\Users\dines\eclipse-workspace\HibernateWebApp\pom.xml.
2023-05-12 17:02:02,399 [Worker-24: Updating Maven Project] WARN  o.e.m.c.i.embedder.EclipseLogger - The artifact mysql:mysql-connector-java:jar:8.0.32 has been relocated to com.mysql:mysql-connector-j:jar:8.0.32: MySQL Connector/J artifacts moved to reverse-DNS compliant Maven 2+ coordinates.
2023-05-12 17:02:02,423 [Worker-24: Updating Maven Project] WARN  o.e.m.c.i.embedder.EclipseLogger - The artifact mysql:mysql-connector-java:jar:8.0.32 has been relocated to com.mysql:mysql-connector-j:jar:8.0.32: MySQL Connector/J artifacts moved to reverse-DNS compliant Maven 2+ coordinates.
2023-05-12 17:02:02,830 [Worker-24: Updating Maven Project] INFO  o.e.m.j.i.AbstractJavaProjectConfigurator - Adding source folder /HibernateWebApp/src/main/java
2023-05-12 17:02:02,830 [Worker-24: Updating Maven Project] INFO  o.e.m.j.i.AbstractJavaProjectConfigurator - Adding resource folder /HibernateWebApp/src/main/resources
2023-05-12 17:02:02,831 [Worker-24: Updating Maven Project] INFO  o.e.m.j.i.AbstractJavaProjectConfigurator - Adding source folder /HibernateWebApp/src/test/java
2023-05-12 17:02:03,251 [Worker-24: Updating Maven Project] INFO  o.e.m.w.i.f.ResourceFilteringBuildParticipant - Cleaning filtered folder for HibernateWebApp
2023-05-12 17:02:03,263 [Worker-24: Updating Maven Project] INFO  o.e.m.c.i.p.ProjectConfigurationManager - Update completed for 1 poms: local refresh takes 0.00 sec, refresh facades takes 0.00 sec, update config takes 0.00 sec 
2023-05-12 17:02:03,452 [Worker-24: Building] WARN  o.e.m.c.i.embedder.EclipseLogger - Using platform encoding (Cp1252 actually) to copy filtered resources, i.e. build is platform dependent!
2023-05-12 17:02:03,453 [Worker-24: Building] INFO  o.e.m.c.i.embedder.EclipseLogger - Copying 0 resource
2023-05-12 17:02:03,457 [Worker-24: Building] WARN  o.e.m.c.i.embedder.EclipseLogger - Using platform encoding (Cp1252 actually) to copy filtered resources, i.e. build is platform dependent!
2023-05-12 17:02:03,458 [Worker-24: Building] INFO  o.e.m.c.i.embedder.EclipseLogger - skip non existing resourceDirectory C:\Users\dines\eclipse-workspace\HibernateWebApp\src\test\resources
2023-05-12 17:02:03,458 [Worker-24: Building] INFO  o.e.m.w.i.f.ResourceFilteringBuildParticipant - Changed resources require a complete clean of filtered resources of HibernateWebApp
2023-05-12 17:02:03,459 [Worker-24: Building] INFO  o.e.m.w.i.f.ResourceFilteringBuildParticipant - Executing resource filtering for HibernateWebApp
2023-05-12 17:57:42,584 [Worker-2: Loading available Gradle versions] INFO  o.e.b.c.i.u.g.PublishedGradleVersions - Gradle version information cache is up-to-date. Trying to read.
2023-05-12 18:00:04,058 [Worker-3: Loading available Gradle versions] INFO  o.e.b.c.i.u.g.PublishedGradleVersions - Gradle version information cache is up-to-date. Trying to read.
2023-05-12 18:00:21,959 [Worker-0: Building] WARN  o.e.m.c.i.embedder.EclipseLogger - The artifact mysql:mysql-connector-java:jar:8.0.32 has been relocated to com.mysql:mysql-connector-j:jar:8.0.32: MySQL Connector/J artifacts moved to reverse-DNS compliant Maven 2+ coordinates.
2023-05-12 18:00:22,270 [Worker-0: Building] INFO  o.e.m.c.i.embedder.EclipseLogger - Using 'UTF-8' encoding to copy filtered resources.
2023-05-12 18:00:22,270 [Worker-0: Building] INFO  o.e.m.c.i.embedder.EclipseLogger - skip non existing resourceDirectory C:\Users\dines\eclipse-workspace\HCQLProject\src\main\resources
2023-05-12 18:00:22,273 [Worker-0: Building] INFO  o.e.m.c.i.embedder.EclipseLogger - Using 'UTF-8' encoding to copy filtered resources.
2023-05-12 18:00:22,273 [Worker-0: Building] INFO  o.e.m.c.i.embedder.EclipseLogger - skip non existing resourceDirectory C:\Users\dines\eclipse-workspace\HCQLProject\src\test\resources
2023-05-12 18:00:22,787 [Worker-0: Building] WARN  o.e.m.c.i.embedder.EclipseLogger - The artifact mysql:mysql-connector-java:jar:8.0.32 has been relocated to com.mysql:mysql-connector-j:jar:8.0.32: MySQL Connector/J artifacts moved to reverse-DNS compliant Maven 2+ coordinates.
2023-05-12 18:00:22,805 [Worker-0: Building] INFO  o.e.m.c.i.embedder.EclipseLogger - Using 'UTF-8' encoding to copy filtered resources.
2023-05-12 18:00:22,806 [Worker-0: Building] INFO  o.e.m.c.i.embedder.EclipseLogger - skip non existing resourceDirectory C:\Users\dines\eclipse-workspace\HibernateProject\src\main\resources
2023-05-12 18:00:22,809 [Worker-0: Building] INFO  o.e.m.c.i.embedder.EclipseLogger - Using 'UTF-8' encoding to copy filtered resources.
2023-05-12 18:00:22,809 [Worker-0: Building] INFO  o.e.m.c.i.embedder.EclipseLogger - skip non existing resourceDirectory C:\Users\dines\eclipse-workspace\HibernateProject\src\test\resources
2023-05-12 18:00:23,016 [Worker-0: Building] WARN  o.e.m.c.i.embedder.EclipseLogger - The artifact mysql:mysql-connector-java:jar:8.0.32 has been relocated to com.mysql:mysql-connector-j:jar:8.0.32: MySQL Connector/J artifacts moved to reverse-DNS compliant Maven 2+ coordinates.
2023-05-12 18:00:23,027 [Worker-0: Building] INFO  o.e.m.c.i.p.WorkspaceClassifierResolverManager - Resolving P/HibernateProject: hibernateproject:HibernateProject:0.0.1-SNAPSHOT with classifier  to /HibernateProject/target/classes
2023-05-12 18:00:23,038 [Worker-0: Building] INFO  o.e.m.c.i.embedder.EclipseLogger - Using 'UTF-8' encoding to copy filtered resources.
2023-05-12 18:00:23,039 [Worker-0: Building] INFO  o.e.m.c.i.embedder.EclipseLogger - skip non existing resourceDirectory C:\Users\dines\eclipse-workspace\HQL\src\main\resources
2023-05-12 18:00:23,041 [Worker-0: Building] INFO  o.e.m.c.i.embedder.EclipseLogger - Using 'UTF-8' encoding to copy filtered resources.
2023-05-12 18:00:23,042 [Worker-0: Building] INFO  o.e.m.c.i.embedder.EclipseLogger - skip non existing resourceDirectory C:\Users\dines\eclipse-workspace\HQL\src\test\resources
2023-05-12 18:00:23,492 [Worker-0: Building] WARN  o.e.m.c.i.embedder.EclipseLogger - The artifact mysql:mysql-connector-java:jar:8.0.32 has been relocated to com.mysql:mysql-connector-j:jar:8.0.32: MySQL Connector/J artifacts moved to reverse-DNS compliant Maven 2+ coordinates.
2023-05-12 18:00:23,546 [Worker-0: Building] WARN  o.e.m.c.i.embedder.EclipseLogger - Using platform encoding (Cp1252 actually) to copy filtered resources, i.e. build is platform dependent!
2023-05-12 18:00:23,552 [Worker-0: Building] INFO  o.e.m.c.i.embedder.EclipseLogger - Copying 0 resource
2023-05-12 18:00:23,555 [Worker-0: Building] WARN  o.e.m.c.i.embedder.EclipseLogger - Using platform encoding (Cp1252 actually) to copy filtered resources, i.e. build is platform dependent!
2023-05-12 18:00:23,556 [Worker-0: Building] INFO  o.e.m.c.i.embedder.EclipseLogger - skip non existing resourceDirectory C:\Users\dines\eclipse-workspace\HibernateWebApp\src\test\resources
2023-05-12 18:00:24,411 [Worker-8: Building] INFO  o.e.m.c.i.embedder.EclipseLogger - Using 'UTF-8' encoding to copy filtered resources.
2023-05-12 18:00:24,411 [Worker-8: Building] INFO  o.e.m.c.i.embedder.EclipseLogger - skip non existing resourceDirectory C:\Users\dines\eclipse-workspace\HibrnateDemo\src\main\resources
2023-05-12 18:00:24,413 [Worker-8: Building] INFO  o.e.m.c.i.embedder.EclipseLogger - Using 'UTF-8' encoding to copy filtered resources.
2023-05-12 18:00:24,413 [Worker-8: Building] INFO  o.e.m.c.i.embedder.EclipseLogger - skip non existing resourceDirectory C:\Users\dines\eclipse-workspace\HibrnateDemo\src\test\resources
2023-05-12 18:03:19,255 [Worker-11: Updating Maven Dependencies] WARN  o.e.m.c.i.embedder.EclipseLogger - The artifact mysql:mysql-connector-java:jar:8.0.32 has been relocated to com.mysql:mysql-connector-j:jar:8.0.32: MySQL Connector/J artifacts moved to reverse-DNS compliant Maven 2+ coordinates.
2023-05-12 18:03:19,595 [Worker-27: Building] WARN  o.e.m.c.i.embedder.EclipseLogger - The artifact mysql:mysql-connector-java:jar:8.0.32 has been relocated to com.mysql:mysql-connector-j:jar:8.0.32: MySQL Connector/J artifacts moved to reverse-DNS compliant Maven 2+ coordinates.
2023-05-12 18:03:19,727 [Worker-27: Building] INFO  o.e.m.c.i.l.LifecycleMappingFactory - Using org.eclipse.m2e.jdt.JarLifecycleMapping lifecycle mapping for MavenProject: com.spring:SpringProject:0.0.1-SNAPSHOT @ C:\Users\dines\eclipse-workspace\Yess Infotech\SpringProject\pom.xml.
2023-05-12 18:03:19,728 [Worker-11: Updating Maven Dependencies] INFO  o.e.m.c.i.l.LifecycleMappingFactory - Using org.eclipse.m2e.jdt.JarLifecycleMapping lifecycle mapping for MavenProject: com.spring:SpringProject:0.0.1-SNAPSHOT @ C:\Users\dines\eclipse-workspace\Yess Infotech\SpringProject\pom.xml.
2023-05-12 18:03:19,732 [Worker-11: Updating Maven Dependencies] WARN  o.e.m.c.i.embedder.EclipseLogger - The artifact mysql:mysql-connector-java:jar:8.0.32 has been relocated to com.mysql:mysql-connector-j:jar:8.0.32: MySQL Connector/J artifacts moved to reverse-DNS compliant Maven 2+ coordinates.
2023-05-12 18:03:19,732 [Worker-27: Building] WARN  o.e.m.c.i.embedder.EclipseLogger - The artifact mysql:mysql-connector-java:jar:8.0.32 has been relocated to com.mysql:mysql-connector-j:jar:8.0.32: MySQL Connector/J artifacts moved to reverse-DNS compliant Maven 2+ coordinates.
2023-05-12 18:03:19,819 [Worker-27: Building] INFO  o.e.m.c.i.embedder.EclipseLogger - Using 'UTF-8' encoding to copy filtered resources.
2023-05-12 18:03:19,819 [Worker-27: Building] INFO  o.e.m.c.i.embedder.EclipseLogger - skip non existing resourceDirectory C:\Users\dines\eclipse-workspace\Yess Infotech\SpringProject\src\main\resources
2023-05-12 18:03:19,822 [Worker-27: Building] INFO  o.e.m.c.i.embedder.EclipseLogger - Using 'UTF-8' encoding to copy filtered resources.
2023-05-12 18:03:19,822 [Worker-27: Building] INFO  o.e.m.c.i.embedder.EclipseLogger - skip non existing resourceDirectory C:\Users\dines\eclipse-workspace\Yess Infotech\SpringProject\src\test\resources
2023-05-12 18:03:21,373 [Worker-22: Updating Maven Dependencies] INFO  o.e.m.c.i.l.LifecycleMappingFactory - Using org.eclipse.m2e.jdt.JarLifecycleMapping lifecycle mapping for MavenProject: com.spring:SpringProject:0.0.1-SNAPSHOT @ C:\Users\dines\eclipse-workspace\Yess Infotech\SpringProject\pom.xml.
2023-05-12 18:03:21,451 [Worker-22: Updating Maven Dependencies] WARN  o.e.m.c.i.embedder.EclipseLogger - The artifact mysql:mysql-connector-java:jar:8.0.32 has been relocated to com.mysql:mysql-connector-j:jar:8.0.32: MySQL Connector/J artifacts moved to reverse-DNS compliant Maven 2+ coordinates.
2023-05-12 18:04:55,523 [Worker-31: Updating Maven Dependencies] INFO  o.e.m.c.i.l.LifecycleMappingFactory - Using org.eclipse.m2e.jdt.JarLifecycleMapping lifecycle mapping for MavenProject: com.hibernateproject:HCQLProject:0.0.1-SNAPSHOT @ C:\Users\dines\eclipse-workspace\Yess Infotech\HCQLProject\pom.xml.
2023-05-12 18:04:55,611 [Worker-31: Updating Maven Dependencies] WARN  o.e.m.c.i.embedder.EclipseLogger - The artifact mysql:mysql-connector-java:jar:8.0.32 has been relocated to com.mysql:mysql-connector-j:jar:8.0.32: MySQL Connector/J artifacts moved to reverse-DNS compliant Maven 2+ coordinates.
2023-05-12 18:04:55,659 [Worker-31: Updating Maven Dependencies] INFO  o.e.m.c.i.l.LifecycleMappingFactory - Using org.eclipse.m2e.jdt.JarLifecycleMapping lifecycle mapping for MavenProject: hibernatedemo:HibrnateDemo:0.0.1-SNAPSHOT @ C:\Users\dines\eclipse-workspace\Yess Infotech\HibrnateDemo\pom.xml.
2023-05-12 18:04:55,698 [Worker-31: Updating Maven Dependencies] INFO  o.e.m.c.i.l.LifecycleMappingFactory - Using org.eclipse.m2e.jdt.JarLifecycleMapping lifecycle mapping for MavenProject: com.project:HQL:0.0.1-SNAPSHOT @ C:\Users\dines\eclipse-workspace\Yess Infotech\HQL\pom.xml.
2023-05-12 18:04:55,706 [Worker-31: Updating Maven Dependencies] WARN  o.e.m.c.i.embedder.EclipseLogger - The POM for hibernateproject:HibernateProject:jar:0.0.1-SNAPSHOT is missing, no dependency information available
2023-05-12 18:04:55,709 [Worker-31: Updating Maven Dependencies] WARN  o.e.m.c.i.embedder.EclipseLogger - The artifact mysql:mysql-connector-java:jar:8.0.32 has been relocated to com.mysql:mysql-connector-j:jar:8.0.32: MySQL Connector/J artifacts moved to reverse-DNS compliant Maven 2+ coordinates.
2023-05-12 18:04:55,743 [Worker-26: Building] INFO  o.e.m.c.i.l.LifecycleMappingFactory - Using org.eclipse.m2e.jdt.JarLifecycleMapping lifecycle mapping for MavenProject: com.hibernateproject:HCQLProject:0.0.1-SNAPSHOT @ C:\Users\dines\eclipse-workspace\Yess Infotech\HCQLProject\pom.xml.
2023-05-12 18:04:55,829 [Worker-26: Building] WARN  o.e.m.c.i.embedder.EclipseLogger - The artifact mysql:mysql-connector-java:jar:8.0.32 has been relocated to com.mysql:mysql-connector-j:jar:8.0.32: MySQL Connector/J artifacts moved to reverse-DNS compliant Maven 2+ coordinates.
2023-05-12 18:04:56,184 [Worker-26: Building] INFO  o.e.m.c.i.embedder.EclipseLogger - Using 'UTF-8' encoding to copy filtered resources.
2023-05-12 18:04:56,185 [Worker-26: Building] INFO  o.e.m.c.i.embedder.EclipseLogger - skip non existing resourceDirectory C:\Users\dines\eclipse-workspace\Yess Infotech\HCQLProject\src\main\resources
2023-05-12 18:04:56,188 [Worker-26: Building] INFO  o.e.m.c.i.embedder.EclipseLogger - Using 'UTF-8' encoding to copy filtered resources.
2023-05-12 18:04:56,188 [Worker-26: Building] INFO  o.e.m.c.i.embedder.EclipseLogger - skip non existing resourceDirectory C:\Users\dines\eclipse-workspace\Yess Infotech\HCQLProject\src\test\resources
2023-05-12 18:04:56,627 [Worker-24: Building] INFO  o.e.m.c.i.l.LifecycleMappingFactory - Using org.eclipse.m2e.jdt.JarLifecycleMapping lifecycle mapping for MavenProject: com.project:HQL:0.0.1-SNAPSHOT @ C:\Users\dines\eclipse-workspace\Yess Infotech\HQL\pom.xml.
2023-05-12 18:04:56,717 [Worker-24: Building] WARN  o.e.m.c.i.embedder.EclipseLogger - The POM for hibernateproject:HibernateProject:jar:0.0.1-SNAPSHOT is missing, no dependency information available
2023-05-12 18:04:56,719 [Worker-24: Building] WARN  o.e.m.c.i.embedder.EclipseLogger - The artifact mysql:mysql-connector-java:jar:8.0.32 has been relocated to com.mysql:mysql-connector-j:jar:8.0.32: MySQL Connector/J artifacts moved to reverse-DNS compliant Maven 2+ coordinates.
2023-05-12 18:04:56,800 [Worker-24: Building] INFO  o.e.m.c.i.embedder.EclipseLogger - Using 'UTF-8' encoding to copy filtered resources.
2023-05-12 18:04:56,801 [Worker-24: Building] INFO  o.e.m.c.i.embedder.EclipseLogger - skip non existing resourceDirectory C:\Users\dines\eclipse-workspace\Yess Infotech\HQL\src\main\resources
2023-05-12 18:04:56,804 [Worker-24: Building] INFO  o.e.m.c.i.embedder.EclipseLogger - Using 'UTF-8' encoding to copy filtered resources.
2023-05-12 18:04:56,804 [Worker-24: Building] INFO  o.e.m.c.i.embedder.EclipseLogger - skip non existing resourceDirectory C:\Users\dines\eclipse-workspace\Yess Infotech\HQL\src\test\resources
2023-05-12 18:04:57,015 [Worker-24: Building] INFO  o.e.m.c.i.l.LifecycleMappingFactory - Using org.eclipse.m2e.jdt.JarLifecycleMapping lifecycle mapping for MavenProject: hibernateproject:HibernateProject:0.0.1-SNAPSHOT @ C:\Users\dines\eclipse-workspace\Yess Infotech\HibernateProject\pom.xml.
2023-05-12 18:04:57,082 [Worker-24: Building] WARN  o.e.m.c.i.embedder.EclipseLogger - The artifact mysql:mysql-connector-java:jar:8.0.32 has been relocated to com.mysql:mysql-connector-j:jar:8.0.32: MySQL Connector/J artifacts moved to reverse-DNS compliant Maven 2+ coordinates.
2023-05-12 18:04:57,127 [Worker-24: Building] INFO  o.e.m.c.i.l.LifecycleMappingFactory - Using org.eclipse.m2e.jdt.JarLifecycleMapping lifecycle mapping for MavenProject: com.project:HQL:0.0.1-SNAPSHOT @ C:\Users\dines\eclipse-workspace\Yess Infotech\HQL\pom.xml.
2023-05-12 18:04:57,131 [Worker-24: Building] WARN  o.e.m.c.i.embedder.EclipseLogger - The artifact mysql:mysql-connector-java:jar:8.0.32 has been relocated to com.mysql:mysql-connector-j:jar:8.0.32: MySQL Connector/J artifacts moved to reverse-DNS compliant Maven 2+ coordinates.
2023-05-12 18:04:57,138 [Worker-24: Building] INFO  o.e.m.c.i.p.WorkspaceClassifierResolverManager - Resolving P/HibernateProject: hibernateproject:HibernateProject:0.0.1-SNAPSHOT with classifier  to /HibernateProject/target/classes
2023-05-12 18:04:57,217 [Worker-24: Building] INFO  o.e.m.c.i.embedder.EclipseLogger - Using 'UTF-8' encoding to copy filtered resources.
2023-05-12 18:04:57,217 [Worker-24: Building] INFO  o.e.m.c.i.embedder.EclipseLogger - skip non existing resourceDirectory C:\Users\dines\eclipse-workspace\Yess Infotech\HibernateProject\src\main\resources
2023-05-12 18:04:57,219 [Worker-24: Building] INFO  o.e.m.c.i.embedder.EclipseLogger - Using 'UTF-8' encoding to copy filtered resources.
2023-05-12 18:04:57,220 [Worker-24: Building] INFO  o.e.m.c.i.embedder.EclipseLogger - skip non existing resourceDirectory C:\Users\dines\eclipse-workspace\Yess Infotech\HibernateProject\src\test\resources
2023-05-12 18:04:57,325 [Worker-26: Updating Maven Dependencies] INFO  o.e.m.c.i.l.LifecycleMappingFactory - Using org.eclipse.m2e.jdt.JarLifecycleMapping lifecycle mapping for MavenProject: com.hibernateproject:HCQLProject:0.0.1-SNAPSHOT @ C:\Users\dines\eclipse-workspace\Yess Infotech\HCQLProject\pom.xml.
2023-05-12 18:04:57,372 [Worker-24: Building] INFO  o.e.m.c.i.l.LifecycleMappingFactory - Using org.maven.ide.eclipse.wtp.WarLifecycleMapping lifecycle mapping for MavenProject: com.hibernateproject:HibernateWebApp:0.0.1-SNAPSHOT @ C:\Users\dines\eclipse-workspace\Yess Infotech\HibernateWebApp\pom.xml.
2023-05-12 18:04:57,403 [Worker-26: Updating Maven Dependencies] WARN  o.e.m.c.i.embedder.EclipseLogger - The artifact mysql:mysql-connector-java:jar:8.0.32 has been relocated to com.mysql:mysql-connector-j:jar:8.0.32: MySQL Connector/J artifacts moved to reverse-DNS compliant Maven 2+ coordinates.
2023-05-12 18:04:57,463 [Worker-24: Building] WARN  o.e.m.c.i.embedder.EclipseLogger - The artifact mysql:mysql-connector-java:jar:8.0.32 has been relocated to com.mysql:mysql-connector-j:jar:8.0.32: MySQL Connector/J artifacts moved to reverse-DNS compliant Maven 2+ coordinates.
2023-05-12 18:04:57,494 [Worker-24: Building] WARN  o.e.m.c.i.embedder.EclipseLogger - The artifact mysql:mysql-connector-java:jar:8.0.32 has been relocated to com.mysql:mysql-connector-j:jar:8.0.32: MySQL Connector/J artifacts moved to reverse-DNS compliant Maven 2+ coordinates.
2023-05-12 18:04:57,872 [Worker-31: Download sources and javadoc] WARN  o.e.m.c.i.embedder.EclipseLogger - The artifact mysql:mysql-connector-java:jar:8.0.32 has been relocated to com.mysql:mysql-connector-j:jar:8.0.32: MySQL Connector/J artifacts moved to reverse-DNS compliant Maven 2+ coordinates.
2023-05-12 18:04:57,880 [Worker-31: Download sources and javadoc] INFO  o.e.m.c.i.p.WorkspaceClassifierResolverManager - Resolving P/HibernateProject: hibernateproject:HibernateProject:0.0.1-SNAPSHOT with classifier  to /HibernateProject/target/classes
2023-05-12 18:04:57,889 [Worker-31: Download sources and javadoc] ERROR o.e.m.j.internal.DownloadSourcesJob - Could not download javadoc for hibernateproject:HibernateProject:0.0.1-SNAPSHOT
org.eclipse.core.runtime.CoreException: Could not resolve artifact hibernateproject:HibernateProject:jar:javadoc:0.0.1-SNAPSHOT
	at org.eclipse.m2e.core.internal.embedder.MavenImpl.lambda$6(MavenImpl.java:584)
	at org.eclipse.m2e.core.internal.embedder.MavenExecutionContext.executeBare(MavenExecutionContext.java:394)
	at org.eclipse.m2e.core.internal.embedder.MavenExecutionContext.execute(MavenExecutionContext.java:228)
	at org.eclipse.m2e.core.internal.embedder.MavenExecutionContext.execute(MavenExecutionContext.java:214)
	at org.eclipse.m2e.core.internal.embedder.MavenImpl.resolve(MavenImpl.java:553)
	at org.eclipse.m2e.core.internal.embedder.MavenImpl.resolve(MavenImpl.java:538)
	at org.eclipse.m2e.jdt.internal.DownloadSourcesJob.download(DownloadSourcesJob.java:308)
	at org.eclipse.m2e.jdt.internal.DownloadSourcesJob.downloadAttachments(DownloadSourcesJob.java:294)
	at org.eclipse.m2e.jdt.internal.DownloadSourcesJob.downloadMaven(DownloadSourcesJob.java:252)
	at org.eclipse.m2e.jdt.internal.DownloadSourcesJob.downloadFilesAndPopulateToUpdate(DownloadSourcesJob.java:220)
	at org.eclipse.m2e.jdt.internal.DownloadSourcesJob.lambda$0(DownloadSourcesJob.java:149)
	at org.eclipse.m2e.core.internal.embedder.MavenExecutionContext.executeBare(MavenExecutionContext.java:394)
	at org.eclipse.m2e.core.internal.embedder.MavenExecutionContext.execute(MavenExecutionContext.java:275)
	at org.eclipse.m2e.core.internal.embedder.MavenExecutionContext.execute(MavenExecutionContext.java:214)
	at org.eclipse.m2e.core.embedder.IMaven.execute(IMaven.java:294)
	at org.eclipse.m2e.jdt.internal.DownloadSourcesJob.run(DownloadSourcesJob.java:149)
	at org.eclipse.core.internal.jobs.Worker.run(Worker.java:63)
2023-05-12 18:04:57,998 [Worker-24: Building] WARN  o.e.m.c.i.embedder.EclipseLogger - Using platform encoding (Cp1252 actually) to copy filtered resources, i.e. build is platform dependent!
2023-05-12 18:04:58,000 [Worker-24: Building] INFO  o.e.m.c.i.embedder.EclipseLogger - Copying 0 resource
2023-05-12 18:04:58,002 [Worker-24: Building] WARN  o.e.m.c.i.embedder.EclipseLogger - Using platform encoding (Cp1252 actually) to copy filtered resources, i.e. build is platform dependent!
2023-05-12 18:04:58,002 [Worker-24: Building] INFO  o.e.m.c.i.embedder.EclipseLogger - skip non existing resourceDirectory C:\Users\dines\eclipse-workspace\Yess Infotech\HibernateWebApp\src\test\resources
2023-05-12 18:04:58,491 [Worker-25: Updating Maven Dependencies] INFO  o.e.m.c.i.l.LifecycleMappingFactory - Using org.eclipse.m2e.jdt.JarLifecycleMapping lifecycle mapping for MavenProject: com.hibernateproject:HCQLProject:0.0.1-SNAPSHOT @ C:\Users\dines\eclipse-workspace\Yess Infotech\HCQLProject\pom.xml.
2023-05-12 18:04:58,624 [Worker-25: Updating Maven Dependencies] WARN  o.e.m.c.i.embedder.EclipseLogger - The artifact mysql:mysql-connector-java:jar:8.0.32 has been relocated to com.mysql:mysql-connector-j:jar:8.0.32: MySQL Connector/J artifacts moved to reverse-DNS compliant Maven 2+ coordinates.
2023-05-12 18:04:58,679 [Worker-25: Updating Maven Dependencies] INFO  o.e.m.c.i.l.LifecycleMappingFactory - Using org.eclipse.m2e.jdt.JarLifecycleMapping lifecycle mapping for MavenProject: hibernatedemo:HibrnateDemo:0.0.1-SNAPSHOT @ C:\Users\dines\eclipse-workspace\Yess Infotech\HibrnateDemo\pom.xml.
2023-05-12 18:04:58,727 [Worker-28: Building] INFO  o.e.m.c.i.l.LifecycleMappingFactory - Using org.eclipse.m2e.jdt.JarLifecycleMapping lifecycle mapping for MavenProject: hibernatedemo:HibrnateDemo:0.0.1-SNAPSHOT @ C:\Users\dines\eclipse-workspace\Yess Infotech\HibrnateDemo\pom.xml.
2023-05-12 18:04:58,755 [Worker-28: Building] INFO  o.e.m.c.i.embedder.EclipseLogger - Using 'UTF-8' encoding to copy filtered resources.
2023-05-12 18:04:58,756 [Worker-28: Building] INFO  o.e.m.c.i.embedder.EclipseLogger - skip non existing resourceDirectory C:\Users\dines\eclipse-workspace\Yess Infotech\HibrnateDemo\src\main\resources
2023-05-12 18:04:58,758 [Worker-28: Building] INFO  o.e.m.c.i.embedder.EclipseLogger - Using 'UTF-8' encoding to copy filtered resources.
2023-05-12 18:04:58,758 [Worker-28: Building] INFO  o.e.m.c.i.embedder.EclipseLogger - skip non existing resourceDirectory C:\Users\dines\eclipse-workspace\Yess Infotech\HibrnateDemo\src\test\resources
2023-05-12 18:04:59,768 [Worker-28: Updating Maven Dependencies] INFO  o.e.m.c.i.l.LifecycleMappingFactory - Using org.eclipse.m2e.jdt.JarLifecycleMapping lifecycle mapping for MavenProject: com.hibernateproject:HCQLProject:0.0.1-SNAPSHOT @ C:\Users\dines\eclipse-workspace\Yess Infotech\HCQLProject\pom.xml.
2023-05-12 18:04:59,861 [Worker-28: Updating Maven Dependencies] WARN  o.e.m.c.i.embedder.EclipseLogger - The artifact mysql:mysql-connector-java:jar:8.0.32 has been relocated to com.mysql:mysql-connector-j:jar:8.0.32: MySQL Connector/J artifacts moved to reverse-DNS compliant Maven 2+ coordinates.
2023-05-12 18:04:59,954 [Worker-28: Updating Maven Dependencies] INFO  o.e.m.c.i.l.LifecycleMappingFactory - Using org.eclipse.m2e.jdt.JarLifecycleMapping lifecycle mapping for MavenProject: hibernatedemo:HibrnateDemo:0.0.1-SNAPSHOT @ C:\Users\dines\eclipse-workspace\Yess Infotech\HibrnateDemo\pom.xml.
2023-05-12 18:04:59,991 [Worker-28: Updating Maven Dependencies] INFO  o.e.m.c.i.l.LifecycleMappingFactory - Using org.eclipse.m2e.jdt.JarLifecycleMapping lifecycle mapping for MavenProject: com.project:HQL:0.0.1-SNAPSHOT @ C:\Users\dines\eclipse-workspace\Yess Infotech\HQL\pom.xml.
2023-05-12 18:04:59,998 [Worker-28: Updating Maven Dependencies] WARN  o.e.m.c.i.embedder.EclipseLogger - The artifact mysql:mysql-connector-java:jar:8.0.32 has been relocated to com.mysql:mysql-connector-j:jar:8.0.32: MySQL Connector/J artifacts moved to reverse-DNS compliant Maven 2+ coordinates.
2023-05-12 18:05:00,007 [Worker-28: Updating Maven Dependencies] INFO  o.e.m.c.i.p.WorkspaceClassifierResolverManager - Resolving P/HibernateProject: hibernateproject:HibernateProject:0.0.1-SNAPSHOT with classifier  to /HibernateProject/target/classes
2023-05-12 18:11:45,810 [Worker-4: Loading available Gradle versions] INFO  o.e.b.c.i.u.g.PublishedGradleVersions - Gradle version information cache is up-to-date. Trying to read.
2023-05-12 18:13:46,729 [Worker-4: Loading available Gradle versions] INFO  o.e.b.c.i.u.g.PublishedGradleVersions - Gradle version information cache is up-to-date. Trying to read.
2023-05-12 18:15:53,833 [Worker-17: Building] WARN  o.e.m.c.i.embedder.EclipseLogger - The artifact mysql:mysql-connector-java:jar:8.0.32 has been relocated to com.mysql:mysql-connector-j:jar:8.0.32: MySQL Connector/J artifacts moved to reverse-DNS compliant Maven 2+ coordinates.
2023-05-12 18:15:54,096 [Worker-17: Building] INFO  o.e.m.c.i.embedder.EclipseLogger - Using 'UTF-8' encoding to copy filtered resources.
2023-05-12 18:15:54,096 [Worker-17: Building] INFO  o.e.m.c.i.embedder.EclipseLogger - skip non existing resourceDirectory C:\Users\dines\eclipse-workspace\Yess Infotech\HCQLProject\src\main\resources
2023-05-12 18:15:54,099 [Worker-17: Building] INFO  o.e.m.c.i.embedder.EclipseLogger - Using 'UTF-8' encoding to copy filtered resources.
2023-05-12 18:15:54,099 [Worker-17: Building] INFO  o.e.m.c.i.embedder.EclipseLogger - skip non existing resourceDirectory C:\Users\dines\eclipse-workspace\Yess Infotech\HCQLProject\src\test\resources
2023-05-12 18:15:54,553 [Worker-17: Building] WARN  o.e.m.c.i.embedder.EclipseLogger - The artifact mysql:mysql-connector-java:jar:8.0.32 has been relocated to com.mysql:mysql-connector-j:jar:8.0.32: MySQL Connector/J artifacts moved to reverse-DNS compliant Maven 2+ coordinates.
2023-05-12 18:15:54,575 [Worker-17: Building] INFO  o.e.m.c.i.embedder.EclipseLogger - Using 'UTF-8' encoding to copy filtered resources.
2023-05-12 18:15:54,575 [Worker-17: Building] INFO  o.e.m.c.i.embedder.EclipseLogger - skip non existing resourceDirectory C:\Users\dines\eclipse-workspace\Yess Infotech\HibernateProject\src\main\resources
2023-05-12 18:15:54,579 [Worker-17: Building] INFO  o.e.m.c.i.embedder.EclipseLogger - Using 'UTF-8' encoding to copy filtered resources.
2023-05-12 18:15:54,579 [Worker-17: Building] INFO  o.e.m.c.i.embedder.EclipseLogger - skip non existing resourceDirectory C:\Users\dines\eclipse-workspace\Yess Infotech\HibernateProject\src\test\resources
2023-05-12 18:15:54,797 [Worker-17: Building] WARN  o.e.m.c.i.embedder.EclipseLogger - The artifact mysql:mysql-connector-java:jar:8.0.32 has been relocated to com.mysql:mysql-connector-j:jar:8.0.32: MySQL Connector/J artifacts moved to reverse-DNS compliant Maven 2+ coordinates.
2023-05-12 18:15:54,808 [Worker-17: Building] INFO  o.e.m.c.i.p.WorkspaceClassifierResolverManager - Resolving P/HibernateProject: hibernateproject:HibernateProject:0.0.1-SNAPSHOT with classifier  to /HibernateProject/target/classes
2023-05-12 18:15:54,819 [Worker-17: Building] INFO  o.e.m.c.i.embedder.EclipseLogger - Using 'UTF-8' encoding to copy filtered resources.
2023-05-12 18:15:54,819 [Worker-17: Building] INFO  o.e.m.c.i.embedder.EclipseLogger - skip non existing resourceDirectory C:\Users\dines\eclipse-workspace\Yess Infotech\HQL\src\main\resources
2023-05-12 18:15:54,821 [Worker-17: Building] INFO  o.e.m.c.i.embedder.EclipseLogger - Using 'UTF-8' encoding to copy filtered resources.
2023-05-12 18:15:54,822 [Worker-17: Building] INFO  o.e.m.c.i.embedder.EclipseLogger - skip non existing resourceDirectory C:\Users\dines\eclipse-workspace\Yess Infotech\HQL\src\test\resources
2023-05-12 18:15:55,177 [Worker-17: Building] WARN  o.e.m.c.i.embedder.EclipseLogger - The artifact mysql:mysql-connector-java:jar:8.0.32 has been relocated to com.mysql:mysql-connector-j:jar:8.0.32: MySQL Connector/J artifacts moved to reverse-DNS compliant Maven 2+ coordinates.
2023-05-12 18:15:55,224 [Worker-17: Building] WARN  o.e.m.c.i.embedder.EclipseLogger - Using platform encoding (Cp1252 actually) to copy filtered resources, i.e. build is platform dependent!
2023-05-12 18:15:55,229 [Worker-17: Building] INFO  o.e.m.c.i.embedder.EclipseLogger - Copying 0 resource
2023-05-12 18:15:55,232 [Worker-17: Building] WARN  o.e.m.c.i.embedder.EclipseLogger - Using platform encoding (Cp1252 actually) to copy filtered resources, i.e. build is platform dependent!
2023-05-12 18:15:55,233 [Worker-17: Building] INFO  o.e.m.c.i.embedder.EclipseLogger - skip non existing resourceDirectory C:\Users\dines\eclipse-workspace\Yess Infotech\HibernateWebApp\src\test\resources
2023-05-12 18:15:55,830 [Worker-17: Building] INFO  o.e.m.c.i.embedder.EclipseLogger - Using 'UTF-8' encoding to copy filtered resources.
2023-05-12 18:15:55,830 [Worker-17: Building] INFO  o.e.m.c.i.embedder.EclipseLogger - skip non existing resourceDirectory C:\Users\dines\eclipse-workspace\Yess Infotech\HibrnateDemo\src\main\resources
2023-05-12 18:15:55,833 [Worker-17: Building] INFO  o.e.m.c.i.embedder.EclipseLogger - Using 'UTF-8' encoding to copy filtered resources.
2023-05-12 18:15:55,834 [Worker-17: Building] INFO  o.e.m.c.i.embedder.EclipseLogger - skip non existing resourceDirectory C:\Users\dines\eclipse-workspace\Yess Infotech\HibrnateDemo\src\test\resources
2023-05-12 18:15:56,517 [Worker-17: Building] WARN  o.e.m.c.i.embedder.EclipseLogger - The artifact mysql:mysql-connector-java:jar:8.0.32 has been relocated to com.mysql:mysql-connector-j:jar:8.0.32: MySQL Connector/J artifacts moved to reverse-DNS compliant Maven 2+ coordinates.
2023-05-12 18:15:56,535 [Worker-17: Building] INFO  o.e.m.c.i.embedder.EclipseLogger - Using 'UTF-8' encoding to copy filtered resources.
2023-05-12 18:15:56,535 [Worker-17: Building] INFO  o.e.m.c.i.embedder.EclipseLogger - skip non existing resourceDirectory C:\Users\dines\eclipse-workspace\Yess Infotech\SpringProject\src\main\resources
2023-05-12 18:15:56,538 [Worker-17: Building] INFO  o.e.m.c.i.embedder.EclipseLogger - Using 'UTF-8' encoding to copy filtered resources.
2023-05-12 18:15:56,539 [Worker-17: Building] INFO  o.e.m.c.i.embedder.EclipseLogger - skip non existing resourceDirectory C:\Users\dines\eclipse-workspace\Yess Infotech\SpringProject\src\test\resources
2023-05-12 18:16:45,275 [Worker-18: Building] INFO  o.e.m.c.i.embedder.EclipseLogger - Using 'UTF-8' encoding to copy filtered resources.
2023-05-12 18:16:45,277 [Worker-18: Building] INFO  o.e.m.c.i.embedder.EclipseLogger - skip non existing resourceDirectory C:\Users\dines\eclipse-workspace\Yess Infotech\SpringProject\src\main\resources
2023-05-12 18:16:45,278 [Worker-18: Building] INFO  o.e.m.c.i.embedder.EclipseLogger - Using 'UTF-8' encoding to copy filtered resources.
2023-05-12 18:16:45,279 [Worker-18: Building] INFO  o.e.m.c.i.embedder.EclipseLogger - skip non existing resourceDirectory C:\Users\dines\eclipse-workspace\Yess Infotech\SpringProject\src\test\resources
2023-05-12 18:16:58,579 [Worker-16: Building] INFO  o.e.m.c.i.embedder.EclipseLogger - Using 'UTF-8' encoding to copy filtered resources.
2023-05-12 18:16:58,579 [Worker-16: Building] INFO  o.e.m.c.i.embedder.EclipseLogger - skip non existing resourceDirectory C:\Users\dines\eclipse-workspace\Yess Infotech\HQL\src\main\resources
2023-05-12 18:16:58,584 [Worker-16: Building] INFO  o.e.m.c.i.embedder.EclipseLogger - Using 'UTF-8' encoding to copy filtered resources.
2023-05-12 18:16:58,584 [Worker-16: Building] INFO  o.e.m.c.i.embedder.EclipseLogger - skip non existing resourceDirectory C:\Users\dines\eclipse-workspace\Yess Infotech\HQL\src\test\resources
2023-05-12 18:17:13,070 [Worker-16: Building] INFO  o.e.m.c.i.embedder.EclipseLogger - Using 'UTF-8' encoding to copy filtered resources.
2023-05-12 18:17:13,070 [Worker-16: Building] INFO  o.e.m.c.i.embedder.EclipseLogger - skip non existing resourceDirectory C:\Users\dines\eclipse-workspace\Yess Infotech\HCQLProject\src\main\resources
2023-05-12 18:17:13,071 [Worker-16: Building] INFO  o.e.m.c.i.embedder.EclipseLogger - Using 'UTF-8' encoding to copy filtered resources.
2023-05-12 18:17:13,072 [Worker-16: Building] INFO  o.e.m.c.i.embedder.EclipseLogger - skip non existing resourceDirectory C:\Users\dines\eclipse-workspace\Yess Infotech\HCQLProject\src\test\resources
2023-05-12 18:17:25,846 [Worker-10: Building] INFO  o.e.m.c.i.embedder.EclipseLogger - Using 'UTF-8' encoding to copy filtered resources.
2023-05-12 18:17:25,847 [Worker-10: Building] INFO  o.e.m.c.i.embedder.EclipseLogger - skip non existing resourceDirectory C:\Users\dines\eclipse-workspace\Yess Infotech\HibernateProject\src\main\resources
2023-05-12 18:17:25,849 [Worker-10: Building] INFO  o.e.m.c.i.embedder.EclipseLogger - Using 'UTF-8' encoding to copy filtered resources.
2023-05-12 18:17:25,849 [Worker-10: Building] INFO  o.e.m.c.i.embedder.EclipseLogger - skip non existing resourceDirectory C:\Users\dines\eclipse-workspace\Yess Infotech\HibernateProject\src\test\resources
2023-05-12 18:17:38,911 [Worker-2: Building] WARN  o.e.m.c.i.embedder.EclipseLogger - Using platform encoding (Cp1252 actually) to copy filtered resources, i.e. build is platform dependent!
2023-05-12 18:17:38,915 [Worker-2: Building] INFO  o.e.m.c.i.embedder.EclipseLogger - Copying 0 resource
2023-05-12 18:17:38,918 [Worker-2: Building] WARN  o.e.m.c.i.embedder.EclipseLogger - Using platform encoding (Cp1252 actually) to copy filtered resources, i.e. build is platform dependent!
2023-05-12 18:17:38,919 [Worker-2: Building] INFO  o.e.m.c.i.embedder.EclipseLogger - skip non existing resourceDirectory C:\Users\dines\eclipse-workspace\Yess Infotech\HibernateWebApp\src\test\resources
2023-05-12 18:23:00,345 [Worker-3: Loading available Gradle versions] INFO  o.e.b.c.i.u.g.PublishedGradleVersions - Gradle version information cache is up-to-date. Trying to read.
2023-05-12 18:26:13,056 [Worker-2: Loading available Gradle versions] INFO  o.e.b.c.i.u.g.PublishedGradleVersions - Gradle version information cache is up-to-date. Trying to read.
2023-05-12 18:29:38,280 [Worker-0: Building] WARN  o.e.m.c.i.embedder.EclipseLogger - The artifact mysql:mysql-connector-java:jar:8.0.32 has been relocated to com.mysql:mysql-connector-j:jar:8.0.32: MySQL Connector/J artifacts moved to reverse-DNS compliant Maven 2+ coordinates.
2023-05-12 18:29:38,560 [Worker-0: Building] INFO  o.e.m.c.i.embedder.EclipseLogger - Using 'UTF-8' encoding to copy filtered resources.
2023-05-12 18:29:38,560 [Worker-0: Building] INFO  o.e.m.c.i.embedder.EclipseLogger - skip non existing resourceDirectory C:\Users\dines\eclipse-workspace\Yess Infotech\HCQLProject\src\main\resources
2023-05-12 18:29:38,562 [Worker-0: Building] INFO  o.e.m.c.i.embedder.EclipseLogger - Using 'UTF-8' encoding to copy filtered resources.
2023-05-12 18:29:38,563 [Worker-0: Building] INFO  o.e.m.c.i.embedder.EclipseLogger - skip non existing resourceDirectory C:\Users\dines\eclipse-workspace\Yess Infotech\HCQLProject\src\test\resources
2023-05-12 18:29:38,984 [Worker-0: Building] WARN  o.e.m.c.i.embedder.EclipseLogger - The artifact mysql:mysql-connector-java:jar:8.0.32 has been relocated to com.mysql:mysql-connector-j:jar:8.0.32: MySQL Connector/J artifacts moved to reverse-DNS compliant Maven 2+ coordinates.
2023-05-12 18:29:39,000 [Worker-0: Building] INFO  o.e.m.c.i.embedder.EclipseLogger - Using 'UTF-8' encoding to copy filtered resources.
2023-05-12 18:29:39,000 [Worker-0: Building] INFO  o.e.m.c.i.embedder.EclipseLogger - skip non existing resourceDirectory C:\Users\dines\eclipse-workspace\Yess Infotech\HibernateProject\src\main\resources
2023-05-12 18:29:39,002 [Worker-0: Building] INFO  o.e.m.c.i.embedder.EclipseLogger - Using 'UTF-8' encoding to copy filtered resources.
2023-05-12 18:29:39,002 [Worker-0: Building] INFO  o.e.m.c.i.embedder.EclipseLogger - skip non existing resourceDirectory C:\Users\dines\eclipse-workspace\Yess Infotech\HibernateProject\src\test\resources
2023-05-12 18:29:39,225 [Worker-0: Building] WARN  o.e.m.c.i.embedder.EclipseLogger - The artifact mysql:mysql-connector-java:jar:8.0.32 has been relocated to com.mysql:mysql-connector-j:jar:8.0.32: MySQL Connector/J artifacts moved to reverse-DNS compliant Maven 2+ coordinates.
2023-05-12 18:29:39,251 [Worker-0: Building] INFO  o.e.m.c.i.p.WorkspaceClassifierResolverManager - Resolving P/HibernateProject: hibernateproject:HibernateProject:0.0.1-SNAPSHOT with classifier  to /HibernateProject/target/classes
2023-05-12 18:29:39,268 [Worker-0: Building] INFO  o.e.m.c.i.embedder.EclipseLogger - Using 'UTF-8' encoding to copy filtered resources.
2023-05-12 18:29:39,269 [Worker-0: Building] INFO  o.e.m.c.i.embedder.EclipseLogger - skip non existing resourceDirectory C:\Users\dines\eclipse-workspace\Yess Infotech\HQL\src\main\resources
2023-05-12 18:29:39,272 [Worker-0: Building] INFO  o.e.m.c.i.embedder.EclipseLogger - Using 'UTF-8' encoding to copy filtered resources.
2023-05-12 18:29:39,273 [Worker-0: Building] INFO  o.e.m.c.i.embedder.EclipseLogger - skip non existing resourceDirectory C:\Users\dines\eclipse-workspace\Yess Infotech\HQL\src\test\resources
2023-05-12 18:29:39,821 [Worker-8: Building] WARN  o.e.m.c.i.embedder.EclipseLogger - The artifact mysql:mysql-connector-java:jar:8.0.32 has been relocated to com.mysql:mysql-connector-j:jar:8.0.32: MySQL Connector/J artifacts moved to reverse-DNS compliant Maven 2+ coordinates.
2023-05-12 18:29:39,865 [Worker-8: Building] WARN  o.e.m.c.i.embedder.EclipseLogger - Using platform encoding (Cp1252 actually) to copy filtered resources, i.e. build is platform dependent!
2023-05-12 18:29:39,870 [Worker-8: Building] INFO  o.e.m.c.i.embedder.EclipseLogger - Copying 0 resource
2023-05-12 18:29:39,873 [Worker-8: Building] WARN  o.e.m.c.i.embedder.EclipseLogger - Using platform encoding (Cp1252 actually) to copy filtered resources, i.e. build is platform dependent!
2023-05-12 18:29:39,874 [Worker-8: Building] INFO  o.e.m.c.i.embedder.EclipseLogger - skip non existing resourceDirectory C:\Users\dines\eclipse-workspace\Yess Infotech\HibernateWebApp\src\test\resources
2023-05-12 18:29:40,537 [Worker-4: Building] INFO  o.e.m.c.i.embedder.EclipseLogger - Using 'UTF-8' encoding to copy filtered resources.
2023-05-12 18:29:40,537 [Worker-4: Building] INFO  o.e.m.c.i.embedder.EclipseLogger - skip non existing resourceDirectory C:\Users\dines\eclipse-workspace\Yess Infotech\HibrnateDemo\src\main\resources
2023-05-12 18:29:40,540 [Worker-4: Building] INFO  o.e.m.c.i.embedder.EclipseLogger - Using 'UTF-8' encoding to copy filtered resources.
2023-05-12 18:29:40,541 [Worker-4: Building] INFO  o.e.m.c.i.embedder.EclipseLogger - skip non existing resourceDirectory C:\Users\dines\eclipse-workspace\Yess Infotech\HibrnateDemo\src\test\resources
2023-05-12 18:29:41,085 [Worker-4: Building] WARN  o.e.m.c.i.embedder.EclipseLogger - The artifact mysql:mysql-connector-java:jar:8.0.32 has been relocated to com.mysql:mysql-connector-j:jar:8.0.32: MySQL Connector/J artifacts moved to reverse-DNS compliant Maven 2+ coordinates.
2023-05-12 18:29:41,104 [Worker-4: Building] INFO  o.e.m.c.i.embedder.EclipseLogger - Using 'UTF-8' encoding to copy filtered resources.
2023-05-12 18:29:41,105 [Worker-4: Building] INFO  o.e.m.c.i.embedder.EclipseLogger - skip non existing resourceDirectory C:\Users\dines\eclipse-workspace\Yess Infotech\SpringProject\src\main\resources
2023-05-12 18:29:41,108 [Worker-4: Building] INFO  o.e.m.c.i.embedder.EclipseLogger - Using 'UTF-8' encoding to copy filtered resources.
2023-05-12 18:29:41,108 [Worker-4: Building] INFO  o.e.m.c.i.embedder.EclipseLogger - skip non existing resourceDirectory C:\Users\dines\eclipse-workspace\Yess Infotech\SpringProject\src\test\resources
2023-05-13 10:23:53,970 [Worker-2: Loading available Gradle versions] INFO  o.e.b.c.i.u.g.PublishedGradleVersions - Gradle version information cache is up-to-date. Trying to read.
2023-05-13 10:25:24,720 [Worker-4: reload maven project] WARN  o.e.m.c.i.embedder.EclipseLogger - The artifact mysql:mysql-connector-java:jar:8.0.32 has been relocated to com.mysql:mysql-connector-j:jar:8.0.32: MySQL Connector/J artifacts moved to reverse-DNS compliant Maven 2+ coordinates.
2023-05-13 10:28:56,899 [Worker-16: Building] INFO  o.e.m.c.i.embedder.EclipseLogger - Using 'UTF-8' encoding to copy filtered resources.
2023-05-13 10:28:56,899 [Worker-16: Building] INFO  o.e.m.c.i.embedder.EclipseLogger - skip non existing resourceDirectory C:\Users\dines\eclipse-workspace\Yess Infotech\SpringProject\src\main\resources
2023-05-13 10:28:56,902 [Worker-16: Building] INFO  o.e.m.c.i.embedder.EclipseLogger - Using 'UTF-8' encoding to copy filtered resources.
2023-05-13 10:28:56,903 [Worker-16: Building] INFO  o.e.m.c.i.embedder.EclipseLogger - skip non existing resourceDirectory C:\Users\dines\eclipse-workspace\Yess Infotech\SpringProject\src\test\resources
2023-05-13 10:29:17,372 [Worker-8: Building] INFO  o.e.m.c.i.embedder.EclipseLogger - Using 'UTF-8' encoding to copy filtered resources.
2023-05-13 10:29:17,372 [Worker-8: Building] INFO  o.e.m.c.i.embedder.EclipseLogger - skip non existing resourceDirectory C:\Users\dines\eclipse-workspace\Yess Infotech\SpringProject\src\main\resources
2023-05-13 10:29:17,377 [Worker-8: Building] INFO  o.e.m.c.i.embedder.EclipseLogger - Using 'UTF-8' encoding to copy filtered resources.
2023-05-13 10:29:17,377 [Worker-8: Building] INFO  o.e.m.c.i.embedder.EclipseLogger - skip non existing resourceDirectory C:\Users\dines\eclipse-workspace\Yess Infotech\SpringProject\src\test\resources
2023-05-13 10:29:19,572 [Worker-16: Building] INFO  o.e.m.c.i.embedder.EclipseLogger - Using 'UTF-8' encoding to copy filtered resources.
2023-05-13 10:29:19,573 [Worker-16: Building] INFO  o.e.m.c.i.embedder.EclipseLogger - skip non existing resourceDirectory C:\Users\dines\eclipse-workspace\Yess Infotech\SpringProject\src\main\resources
2023-05-13 10:29:19,576 [Worker-16: Building] INFO  o.e.m.c.i.embedder.EclipseLogger - Using 'UTF-8' encoding to copy filtered resources.
2023-05-13 10:29:19,576 [Worker-16: Building] INFO  o.e.m.c.i.embedder.EclipseLogger - skip non existing resourceDirectory C:\Users\dines\eclipse-workspace\Yess Infotech\SpringProject\src\test\resources
2023-05-13 10:35:04,708 [Worker-24: Building] INFO  o.e.m.c.i.embedder.EclipseLogger - Using 'UTF-8' encoding to copy filtered resources.
2023-05-13 10:35:04,708 [Worker-24: Building] INFO  o.e.m.c.i.embedder.EclipseLogger - skip non existing resourceDirectory C:\Users\dines\eclipse-workspace\Yess Infotech\SpringProject\src\main\resources
2023-05-13 10:35:04,710 [Worker-24: Building] INFO  o.e.m.c.i.embedder.EclipseLogger - Using 'UTF-8' encoding to copy filtered resources.
2023-05-13 10:35:04,710 [Worker-24: Building] INFO  o.e.m.c.i.embedder.EclipseLogger - skip non existing resourceDirectory C:\Users\dines\eclipse-workspace\Yess Infotech\SpringProject\src\test\resources
2023-05-13 10:36:04,841 [Worker-24: Building] INFO  o.e.m.c.i.embedder.EclipseLogger - Using 'UTF-8' encoding to copy filtered resources.
2023-05-13 10:36:04,841 [Worker-24: Building] INFO  o.e.m.c.i.embedder.EclipseLogger - skip non existing resourceDirectory C:\Users\dines\eclipse-workspace\Yess Infotech\SpringProject\src\main\resources
2023-05-13 10:36:04,842 [Worker-24: Building] INFO  o.e.m.c.i.embedder.EclipseLogger - Using 'UTF-8' encoding to copy filtered resources.
2023-05-13 10:36:04,843 [Worker-24: Building] INFO  o.e.m.c.i.embedder.EclipseLogger - skip non existing resourceDirectory C:\Users\dines\eclipse-workspace\Yess Infotech\SpringProject\src\test\resources
2023-05-13 10:37:27,405 [Worker-25: Building] INFO  o.e.m.c.i.embedder.EclipseLogger - Using 'UTF-8' encoding to copy filtered resources.
2023-05-13 10:37:27,405 [Worker-25: Building] INFO  o.e.m.c.i.embedder.EclipseLogger - skip non existing resourceDirectory C:\Users\dines\eclipse-workspace\Yess Infotech\SpringProject\src\main\resources
2023-05-13 10:37:27,406 [Worker-25: Building] INFO  o.e.m.c.i.embedder.EclipseLogger - Using 'UTF-8' encoding to copy filtered resources.
2023-05-13 10:37:27,406 [Worker-25: Building] INFO  o.e.m.c.i.embedder.EclipseLogger - skip non existing resourceDirectory C:\Users\dines\eclipse-workspace\Yess Infotech\SpringProject\src\test\resources
2023-05-13 10:37:50,109 [Worker-7: Building] INFO  o.e.m.c.i.embedder.EclipseLogger - Using 'UTF-8' encoding to copy filtered resources.
2023-05-13 10:37:50,110 [Worker-7: Building] INFO  o.e.m.c.i.embedder.EclipseLogger - skip non existing resourceDirectory C:\Users\dines\eclipse-workspace\Yess Infotech\SpringProject\src\main\resources
2023-05-13 10:37:50,111 [Worker-7: Building] INFO  o.e.m.c.i.embedder.EclipseLogger - Using 'UTF-8' encoding to copy filtered resources.
2023-05-13 10:37:50,112 [Worker-7: Building] INFO  o.e.m.c.i.embedder.EclipseLogger - skip non existing resourceDirectory C:\Users\dines\eclipse-workspace\Yess Infotech\SpringProject\src\test\resources
2023-05-13 10:43:28,380 [Worker-10: Building] INFO  o.e.m.c.i.embedder.EclipseLogger - Using 'UTF-8' encoding to copy filtered resources.
2023-05-13 10:43:28,380 [Worker-10: Building] INFO  o.e.m.c.i.embedder.EclipseLogger - skip non existing resourceDirectory C:\Users\dines\eclipse-workspace\Yess Infotech\SpringProject\src\main\resources
2023-05-13 10:43:28,383 [Worker-10: Building] INFO  o.e.m.c.i.embedder.EclipseLogger - Using 'UTF-8' encoding to copy filtered resources.
2023-05-13 10:43:28,383 [Worker-10: Building] INFO  o.e.m.c.i.embedder.EclipseLogger - skip non existing resourceDirectory C:\Users\dines\eclipse-workspace\Yess Infotech\SpringProject\src\test\resources
2023-05-13 10:44:11,190 [Worker-10: Building] INFO  o.e.m.c.i.embedder.EclipseLogger - Using 'UTF-8' encoding to copy filtered resources.
2023-05-13 10:44:11,190 [Worker-10: Building] INFO  o.e.m.c.i.embedder.EclipseLogger - skip non existing resourceDirectory C:\Users\dines\eclipse-workspace\Yess Infotech\SpringProject\src\main\resources
2023-05-13 10:44:11,190 [Worker-10: Building] INFO  o.e.m.c.i.embedder.EclipseLogger - Using 'UTF-8' encoding to copy filtered resources.
2023-05-13 10:44:11,190 [Worker-10: Building] INFO  o.e.m.c.i.embedder.EclipseLogger - skip non existing resourceDirectory C:\Users\dines\eclipse-workspace\Yess Infotech\SpringProject\src\test\resources
2023-05-13 10:44:23,035 [Worker-27: Building] INFO  o.e.m.c.i.embedder.EclipseLogger - Using 'UTF-8' encoding to copy filtered resources.
2023-05-13 10:44:23,035 [Worker-27: Building] INFO  o.e.m.c.i.embedder.EclipseLogger - skip non existing resourceDirectory C:\Users\dines\eclipse-workspace\Yess Infotech\SpringProject\src\main\resources
2023-05-13 10:44:23,037 [Worker-27: Building] INFO  o.e.m.c.i.embedder.EclipseLogger - Using 'UTF-8' encoding to copy filtered resources.
2023-05-13 10:44:23,037 [Worker-27: Building] INFO  o.e.m.c.i.embedder.EclipseLogger - skip non existing resourceDirectory C:\Users\dines\eclipse-workspace\Yess Infotech\SpringProject\src\test\resources
2023-05-13 10:45:41,328 [Worker-29: Building] INFO  o.e.m.c.i.embedder.EclipseLogger - Using 'UTF-8' encoding to copy filtered resources.
2023-05-13 10:45:41,329 [Worker-29: Building] INFO  o.e.m.c.i.embedder.EclipseLogger - skip non existing resourceDirectory C:\Users\dines\eclipse-workspace\Yess Infotech\SpringProject\src\main\resources
2023-05-13 10:45:41,330 [Worker-29: Building] INFO  o.e.m.c.i.embedder.EclipseLogger - Using 'UTF-8' encoding to copy filtered resources.
2023-05-13 10:45:41,330 [Worker-29: Building] INFO  o.e.m.c.i.embedder.EclipseLogger - skip non existing resourceDirectory C:\Users\dines\eclipse-workspace\Yess Infotech\SpringProject\src\test\resources
2023-05-13 10:45:55,037 [Worker-10: Building] INFO  o.e.m.c.i.embedder.EclipseLogger - Using 'UTF-8' encoding to copy filtered resources.
2023-05-13 10:45:55,038 [Worker-10: Building] INFO  o.e.m.c.i.embedder.EclipseLogger - skip non existing resourceDirectory C:\Users\dines\eclipse-workspace\Yess Infotech\SpringProject\src\main\resources
2023-05-13 10:45:55,039 [Worker-10: Building] INFO  o.e.m.c.i.embedder.EclipseLogger - Using 'UTF-8' encoding to copy filtered resources.
2023-05-13 10:45:55,039 [Worker-10: Building] INFO  o.e.m.c.i.embedder.EclipseLogger - skip non existing resourceDirectory C:\Users\dines\eclipse-workspace\Yess Infotech\SpringProject\src\test\resources
2023-05-13 10:45:59,402 [Worker-10: Building] INFO  o.e.m.c.i.embedder.EclipseLogger - Using 'UTF-8' encoding to copy filtered resources.
2023-05-13 10:45:59,402 [Worker-10: Building] INFO  o.e.m.c.i.embedder.EclipseLogger - skip non existing resourceDirectory C:\Users\dines\eclipse-workspace\Yess Infotech\SpringProject\src\main\resources
2023-05-13 10:45:59,403 [Worker-10: Building] INFO  o.e.m.c.i.embedder.EclipseLogger - Using 'UTF-8' encoding to copy filtered resources.
2023-05-13 10:45:59,403 [Worker-10: Building] INFO  o.e.m.c.i.embedder.EclipseLogger - skip non existing resourceDirectory C:\Users\dines\eclipse-workspace\Yess Infotech\SpringProject\src\test\resources
2023-05-13 10:46:04,148 [Worker-10: Building] INFO  o.e.m.c.i.embedder.EclipseLogger - Using 'UTF-8' encoding to copy filtered resources.
2023-05-13 10:46:04,148 [Worker-10: Building] INFO  o.e.m.c.i.embedder.EclipseLogger - skip non existing resourceDirectory C:\Users\dines\eclipse-workspace\Yess Infotech\SpringProject\src\main\resources
2023-05-13 10:46:04,150 [Worker-10: Building] INFO  o.e.m.c.i.embedder.EclipseLogger - Using 'UTF-8' encoding to copy filtered resources.
2023-05-13 10:46:04,150 [Worker-10: Building] INFO  o.e.m.c.i.embedder.EclipseLogger - skip non existing resourceDirectory C:\Users\dines\eclipse-workspace\Yess Infotech\SpringProject\src\test\resources
2023-05-13 10:46:20,821 [Worker-27: Building] INFO  o.e.m.c.i.embedder.EclipseLogger - Using 'UTF-8' encoding to copy filtered resources.
2023-05-13 10:46:20,822 [Worker-27: Building] INFO  o.e.m.c.i.embedder.EclipseLogger - skip non existing resourceDirectory C:\Users\dines\eclipse-workspace\Yess Infotech\SpringProject\src\main\resources
2023-05-13 10:46:20,823 [Worker-27: Building] INFO  o.e.m.c.i.embedder.EclipseLogger - Using 'UTF-8' encoding to copy filtered resources.
2023-05-13 10:46:20,823 [Worker-27: Building] INFO  o.e.m.c.i.embedder.EclipseLogger - skip non existing resourceDirectory C:\Users\dines\eclipse-workspace\Yess Infotech\SpringProject\src\test\resources
2023-05-13 10:52:24,249 [Worker-29: http://testng.org/testng-p2-update-site/6.11.0/compositeContent.xml] INFO  o.a.h.c.h.i.c.HttpRequestRetryExec - Recoverable I/O exception (java.net.SocketException) caught when processing request to {}->http://testng.org:80
2023-05-13 10:55:22,498 [Worker-31: Building] INFO  o.e.m.c.i.embedder.EclipseLogger - Using 'UTF-8' encoding to copy filtered resources.
2023-05-13 10:55:22,498 [Worker-31: Building] INFO  o.e.m.c.i.embedder.EclipseLogger - skip non existing resourceDirectory C:\Users\dines\eclipse-workspace\Yess Infotech\SpringProject\src\main\resources
2023-05-13 10:55:22,500 [Worker-31: Building] INFO  o.e.m.c.i.embedder.EclipseLogger - Using 'UTF-8' encoding to copy filtered resources.
2023-05-13 10:55:22,500 [Worker-31: Building] INFO  o.e.m.c.i.embedder.EclipseLogger - skip non existing resourceDirectory C:\Users\dines\eclipse-workspace\Yess Infotech\SpringProject\src\test\resources
2023-05-13 11:03:07,592 [Worker-30: Building] INFO  o.e.m.c.i.embedder.EclipseLogger - Using 'UTF-8' encoding to copy filtered resources.
2023-05-13 11:03:07,593 [Worker-30: Building] INFO  o.e.m.c.i.embedder.EclipseLogger - skip non existing resourceDirectory C:\Users\dines\eclipse-workspace\Yess Infotech\SpringProject\src\main\resources
2023-05-13 11:03:07,594 [Worker-30: Building] INFO  o.e.m.c.i.embedder.EclipseLogger - Using 'UTF-8' encoding to copy filtered resources.
2023-05-13 11:03:07,595 [Worker-30: Building] INFO  o.e.m.c.i.embedder.EclipseLogger - skip non existing resourceDirectory C:\Users\dines\eclipse-workspace\Yess Infotech\SpringProject\src\test\resources
2023-05-13 11:12:25,366 [Worker-37: Building] INFO  o.e.m.c.i.embedder.EclipseLogger - Using 'UTF-8' encoding to copy filtered resources.
2023-05-13 11:12:25,366 [Worker-37: Building] INFO  o.e.m.c.i.embedder.EclipseLogger - skip non existing resourceDirectory C:\Users\dines\eclipse-workspace\Yess Infotech\SpringProject\src\main\resources
2023-05-13 11:12:25,368 [Worker-37: Building] INFO  o.e.m.c.i.embedder.EclipseLogger - Using 'UTF-8' encoding to copy filtered resources.
2023-05-13 11:12:25,368 [Worker-37: Building] INFO  o.e.m.c.i.embedder.EclipseLogger - skip non existing resourceDirectory C:\Users\dines\eclipse-workspace\Yess Infotech\SpringProject\src\test\resources
2023-05-13 11:15:08,639 [Worker-41: Building] INFO  o.e.m.c.i.embedder.EclipseLogger - Using 'UTF-8' encoding to copy filtered resources.
2023-05-13 11:15:08,639 [Worker-41: Building] INFO  o.e.m.c.i.embedder.EclipseLogger - skip non existing resourceDirectory C:\Users\dines\eclipse-workspace\Yess Infotech\SpringProject\src\main\resources
2023-05-13 11:15:08,641 [Worker-41: Building] INFO  o.e.m.c.i.embedder.EclipseLogger - Using 'UTF-8' encoding to copy filtered resources.
2023-05-13 11:15:08,641 [Worker-41: Building] INFO  o.e.m.c.i.embedder.EclipseLogger - skip non existing resourceDirectory C:\Users\dines\eclipse-workspace\Yess Infotech\SpringProject\src\test\resources
2023-05-13 11:16:58,478 [Worker-37: Building] INFO  o.e.m.c.i.embedder.EclipseLogger - Using 'UTF-8' encoding to copy filtered resources.
2023-05-13 11:16:58,478 [Worker-37: Building] INFO  o.e.m.c.i.embedder.EclipseLogger - skip non existing resourceDirectory C:\Users\dines\eclipse-workspace\Yess Infotech\SpringProject\src\main\resources
2023-05-13 11:16:58,481 [Worker-37: Building] INFO  o.e.m.c.i.embedder.EclipseLogger - Using 'UTF-8' encoding to copy filtered resources.
2023-05-13 11:16:58,481 [Worker-37: Building] INFO  o.e.m.c.i.embedder.EclipseLogger - skip non existing resourceDirectory C:\Users\dines\eclipse-workspace\Yess Infotech\SpringProject\src\test\resources
2023-05-13 11:18:36,933 [Worker-37: Building] INFO  o.e.m.c.i.embedder.EclipseLogger - Using 'UTF-8' encoding to copy filtered resources.
2023-05-13 11:18:36,933 [Worker-37: Building] INFO  o.e.m.c.i.embedder.EclipseLogger - skip non existing resourceDirectory C:\Users\dines\eclipse-workspace\Yess Infotech\SpringProject\src\main\resources
2023-05-13 11:18:36,935 [Worker-37: Building] INFO  o.e.m.c.i.embedder.EclipseLogger - Using 'UTF-8' encoding to copy filtered resources.
2023-05-13 11:18:36,935 [Worker-37: Building] INFO  o.e.m.c.i.embedder.EclipseLogger - skip non existing resourceDirectory C:\Users\dines\eclipse-workspace\Yess Infotech\SpringProject\src\test\resources
2023-05-13 11:19:12,174 [Worker-37: Building] INFO  o.e.m.c.i.embedder.EclipseLogger - Using 'UTF-8' encoding to copy filtered resources.
2023-05-13 11:19:12,174 [Worker-37: Building] INFO  o.e.m.c.i.embedder.EclipseLogger - skip non existing resourceDirectory C:\Users\dines\eclipse-workspace\Yess Infotech\SpringProject\src\main\resources
2023-05-13 11:19:12,176 [Worker-37: Building] INFO  o.e.m.c.i.embedder.EclipseLogger - Using 'UTF-8' encoding to copy filtered resources.
2023-05-13 11:19:12,176 [Worker-37: Building] INFO  o.e.m.c.i.embedder.EclipseLogger - skip non existing resourceDirectory C:\Users\dines\eclipse-workspace\Yess Infotech\SpringProject\src\test\resources
2023-05-13 11:19:44,278 [Worker-37: Building] INFO  o.e.m.c.i.embedder.EclipseLogger - Using 'UTF-8' encoding to copy filtered resources.
2023-05-13 11:19:44,278 [Worker-37: Building] INFO  o.e.m.c.i.embedder.EclipseLogger - skip non existing resourceDirectory C:\Users\dines\eclipse-workspace\Yess Infotech\SpringProject\src\main\resources
2023-05-13 11:19:44,280 [Worker-37: Building] INFO  o.e.m.c.i.embedder.EclipseLogger - Using 'UTF-8' encoding to copy filtered resources.
2023-05-13 11:19:44,280 [Worker-37: Building] INFO  o.e.m.c.i.embedder.EclipseLogger - skip non existing resourceDirectory C:\Users\dines\eclipse-workspace\Yess Infotech\SpringProject\src\test\resources
2023-05-13 11:21:14,480 [Worker-33: Building] INFO  o.e.m.c.i.embedder.EclipseLogger - Using 'UTF-8' encoding to copy filtered resources.
2023-05-13 11:21:14,480 [Worker-33: Building] INFO  o.e.m.c.i.embedder.EclipseLogger - skip non existing resourceDirectory C:\Users\dines\eclipse-workspace\Yess Infotech\SpringProject\src\main\resources
2023-05-13 11:21:14,481 [Worker-33: Building] INFO  o.e.m.c.i.embedder.EclipseLogger - Using 'UTF-8' encoding to copy filtered resources.
2023-05-13 11:21:14,481 [Worker-33: Building] INFO  o.e.m.c.i.embedder.EclipseLogger - skip non existing resourceDirectory C:\Users\dines\eclipse-workspace\Yess Infotech\SpringProject\src\test\resources
2023-05-13 11:25:47,572 [Worker-37: Building] INFO  o.e.m.c.i.embedder.EclipseLogger - Using 'UTF-8' encoding to copy filtered resources.
2023-05-13 11:25:47,572 [Worker-37: Building] INFO  o.e.m.c.i.embedder.EclipseLogger - skip non existing resourceDirectory C:\Users\dines\eclipse-workspace\Yess Infotech\SpringProject\src\main\resources
2023-05-13 11:25:47,573 [Worker-37: Building] INFO  o.e.m.c.i.embedder.EclipseLogger - Using 'UTF-8' encoding to copy filtered resources.
2023-05-13 11:25:47,573 [Worker-37: Building] INFO  o.e.m.c.i.embedder.EclipseLogger - skip non existing resourceDirectory C:\Users\dines\eclipse-workspace\Yess Infotech\SpringProject\src\test\resources
2023-05-13 11:25:55,263 [Worker-43: Building] INFO  o.e.m.c.i.embedder.EclipseLogger - Using 'UTF-8' encoding to copy filtered resources.
2023-05-13 11:25:55,263 [Worker-43: Building] INFO  o.e.m.c.i.embedder.EclipseLogger - skip non existing resourceDirectory C:\Users\dines\eclipse-workspace\Yess Infotech\SpringProject\src\main\resources
2023-05-13 11:25:55,264 [Worker-43: Building] INFO  o.e.m.c.i.embedder.EclipseLogger - Using 'UTF-8' encoding to copy filtered resources.
2023-05-13 11:25:55,265 [Worker-43: Building] INFO  o.e.m.c.i.embedder.EclipseLogger - skip non existing resourceDirectory C:\Users\dines\eclipse-workspace\Yess Infotech\SpringProject\src\test\resources
2023-05-13 11:26:44,619 [Worker-33: Building] INFO  o.e.m.c.i.embedder.EclipseLogger - Using 'UTF-8' encoding to copy filtered resources.
2023-05-13 11:26:44,619 [Worker-33: Building] INFO  o.e.m.c.i.embedder.EclipseLogger - skip non existing resourceDirectory C:\Users\dines\eclipse-workspace\Yess Infotech\SpringProject\src\main\resources
2023-05-13 11:26:44,620 [Worker-33: Building] INFO  o.e.m.c.i.embedder.EclipseLogger - Using 'UTF-8' encoding to copy filtered resources.
2023-05-13 11:26:44,620 [Worker-33: Building] INFO  o.e.m.c.i.embedder.EclipseLogger - skip non existing resourceDirectory C:\Users\dines\eclipse-workspace\Yess Infotech\SpringProject\src\test\resources
2023-05-13 11:26:48,283 [Worker-37: Building] INFO  o.e.m.c.i.embedder.EclipseLogger - Using 'UTF-8' encoding to copy filtered resources.
2023-05-13 11:26:48,284 [Worker-37: Building] INFO  o.e.m.c.i.embedder.EclipseLogger - skip non existing resourceDirectory C:\Users\dines\eclipse-workspace\Yess Infotech\SpringProject\src\main\resources
2023-05-13 11:26:48,286 [Worker-37: Building] INFO  o.e.m.c.i.embedder.EclipseLogger - Using 'UTF-8' encoding to copy filtered resources.
2023-05-13 11:26:48,286 [Worker-37: Building] INFO  o.e.m.c.i.embedder.EclipseLogger - skip non existing resourceDirectory C:\Users\dines\eclipse-workspace\Yess Infotech\SpringProject\src\test\resources
2023-05-13 11:27:05,594 [Worker-37: Building] INFO  o.e.m.c.i.embedder.EclipseLogger - Using 'UTF-8' encoding to copy filtered resources.
2023-05-13 11:27:05,594 [Worker-37: Building] INFO  o.e.m.c.i.embedder.EclipseLogger - skip non existing resourceDirectory C:\Users\dines\eclipse-workspace\Yess Infotech\SpringProject\src\main\resources
2023-05-13 11:27:05,596 [Worker-37: Building] INFO  o.e.m.c.i.embedder.EclipseLogger - Using 'UTF-8' encoding to copy filtered resources.
2023-05-13 11:27:05,596 [Worker-37: Building] INFO  o.e.m.c.i.embedder.EclipseLogger - skip non existing resourceDirectory C:\Users\dines\eclipse-workspace\Yess Infotech\SpringProject\src\test\resources
2023-05-13 11:37:18,789 [Worker-47: Building] INFO  o.e.m.c.i.embedder.EclipseLogger - Using 'UTF-8' encoding to copy filtered resources.
2023-05-13 11:37:18,789 [Worker-47: Building] INFO  o.e.m.c.i.embedder.EclipseLogger - skip non existing resourceDirectory C:\Users\dines\eclipse-workspace\Yess Infotech\SpringProject\src\main\resources
2023-05-13 11:37:18,791 [Worker-47: Building] INFO  o.e.m.c.i.embedder.EclipseLogger - Using 'UTF-8' encoding to copy filtered resources.
2023-05-13 11:37:18,792 [Worker-47: Building] INFO  o.e.m.c.i.embedder.EclipseLogger - skip non existing resourceDirectory C:\Users\dines\eclipse-workspace\Yess Infotech\SpringProject\src\test\resources
2023-05-13 11:37:55,687 [Worker-33: Building] INFO  o.e.m.c.i.embedder.EclipseLogger - Using 'UTF-8' encoding to copy filtered resources.
2023-05-13 11:37:55,687 [Worker-33: Building] INFO  o.e.m.c.i.embedder.EclipseLogger - skip non existing resourceDirectory C:\Users\dines\eclipse-workspace\Yess Infotech\SpringProject\src\main\resources
2023-05-13 11:37:55,688 [Worker-33: Building] INFO  o.e.m.c.i.embedder.EclipseLogger - Using 'UTF-8' encoding to copy filtered resources.
2023-05-13 11:37:55,688 [Worker-33: Building] INFO  o.e.m.c.i.embedder.EclipseLogger - skip non existing resourceDirectory C:\Users\dines\eclipse-workspace\Yess Infotech\SpringProject\src\test\resources
2023-05-13 11:41:30,883 [Worker-43: Building] INFO  o.e.m.c.i.embedder.EclipseLogger - Using 'UTF-8' encoding to copy filtered resources.
2023-05-13 11:41:30,883 [Worker-43: Building] INFO  o.e.m.c.i.embedder.EclipseLogger - skip non existing resourceDirectory C:\Users\dines\eclipse-workspace\Yess Infotech\SpringProject\src\main\resources
2023-05-13 11:41:30,885 [Worker-43: Building] INFO  o.e.m.c.i.embedder.EclipseLogger - Using 'UTF-8' encoding to copy filtered resources.
2023-05-13 11:41:30,885 [Worker-43: Building] INFO  o.e.m.c.i.embedder.EclipseLogger - skip non existing resourceDirectory C:\Users\dines\eclipse-workspace\Yess Infotech\SpringProject\src\test\resources
2023-05-13 11:43:33,230 [Worker-47: Building] INFO  o.e.m.c.i.embedder.EclipseLogger - Using 'UTF-8' encoding to copy filtered resources.
2023-05-13 11:43:33,230 [Worker-47: Building] INFO  o.e.m.c.i.embedder.EclipseLogger - skip non existing resourceDirectory C:\Users\dines\eclipse-workspace\Yess Infotech\SpringProject\src\main\resources
2023-05-13 11:43:33,231 [Worker-47: Building] INFO  o.e.m.c.i.embedder.EclipseLogger - Using 'UTF-8' encoding to copy filtered resources.
2023-05-13 11:43:33,231 [Worker-47: Building] INFO  o.e.m.c.i.embedder.EclipseLogger - skip non existing resourceDirectory C:\Users\dines\eclipse-workspace\Yess Infotech\SpringProject\src\test\resources
2023-05-13 11:45:29,089 [Worker-50: Building] INFO  o.e.m.c.i.embedder.EclipseLogger - Using 'UTF-8' encoding to copy filtered resources.
2023-05-13 11:45:29,089 [Worker-50: Building] INFO  o.e.m.c.i.embedder.EclipseLogger - skip non existing resourceDirectory C:\Users\dines\eclipse-workspace\Yess Infotech\SpringProject\src\main\resources
2023-05-13 11:45:29,090 [Worker-50: Building] INFO  o.e.m.c.i.embedder.EclipseLogger - Using 'UTF-8' encoding to copy filtered resources.
2023-05-13 11:45:29,091 [Worker-50: Building] INFO  o.e.m.c.i.embedder.EclipseLogger - skip non existing resourceDirectory C:\Users\dines\eclipse-workspace\Yess Infotech\SpringProject\src\test\resources
2023-05-13 11:45:51,571 [Worker-43: Building] INFO  o.e.m.c.i.embedder.EclipseLogger - Using 'UTF-8' encoding to copy filtered resources.
2023-05-13 11:45:51,571 [Worker-43: Building] INFO  o.e.m.c.i.embedder.EclipseLogger - skip non existing resourceDirectory C:\Users\dines\eclipse-workspace\Yess Infotech\SpringProject\src\main\resources
2023-05-13 11:45:51,572 [Worker-43: Building] INFO  o.e.m.c.i.embedder.EclipseLogger - Using 'UTF-8' encoding to copy filtered resources.
2023-05-13 11:45:51,573 [Worker-43: Building] INFO  o.e.m.c.i.embedder.EclipseLogger - skip non existing resourceDirectory C:\Users\dines\eclipse-workspace\Yess Infotech\SpringProject\src\test\resources
2023-05-13 11:48:57,749 [Worker-43: Building] INFO  o.e.m.c.i.embedder.EclipseLogger - Using 'UTF-8' encoding to copy filtered resources.
2023-05-13 11:48:57,750 [Worker-43: Building] INFO  o.e.m.c.i.embedder.EclipseLogger - skip non existing resourceDirectory C:\Users\dines\eclipse-workspace\Yess Infotech\SpringProject\src\main\resources
2023-05-13 11:48:57,751 [Worker-43: Building] INFO  o.e.m.c.i.embedder.EclipseLogger - Using 'UTF-8' encoding to copy filtered resources.
2023-05-13 11:48:57,751 [Worker-43: Building] INFO  o.e.m.c.i.embedder.EclipseLogger - skip non existing resourceDirectory C:\Users\dines\eclipse-workspace\Yess Infotech\SpringProject\src\test\resources
2023-05-13 11:51:58,149 [Worker-43: Building] INFO  o.e.m.c.i.embedder.EclipseLogger - Using 'UTF-8' encoding to copy filtered resources.
2023-05-13 11:51:58,149 [Worker-43: Building] INFO  o.e.m.c.i.embedder.EclipseLogger - skip non existing resourceDirectory C:\Users\dines\eclipse-workspace\Yess Infotech\SpringProject\src\main\resources
2023-05-13 11:51:58,151 [Worker-43: Building] INFO  o.e.m.c.i.embedder.EclipseLogger - Using 'UTF-8' encoding to copy filtered resources.
2023-05-13 11:51:58,151 [Worker-43: Building] INFO  o.e.m.c.i.embedder.EclipseLogger - skip non existing resourceDirectory C:\Users\dines\eclipse-workspace\Yess Infotech\SpringProject\src\test\resources
2023-05-13 11:52:09,185 [Worker-51: Building] INFO  o.e.m.c.i.embedder.EclipseLogger - Using 'UTF-8' encoding to copy filtered resources.
2023-05-13 11:52:09,186 [Worker-51: Building] INFO  o.e.m.c.i.embedder.EclipseLogger - skip non existing resourceDirectory C:\Users\dines\eclipse-workspace\Yess Infotech\SpringProject\src\main\resources
2023-05-13 11:52:09,187 [Worker-51: Building] INFO  o.e.m.c.i.embedder.EclipseLogger - Using 'UTF-8' encoding to copy filtered resources.
2023-05-13 11:52:09,187 [Worker-51: Building] INFO  o.e.m.c.i.embedder.EclipseLogger - skip non existing resourceDirectory C:\Users\dines\eclipse-workspace\Yess Infotech\SpringProject\src\test\resources
2023-05-13 11:54:49,272 [Worker-43: Building] INFO  o.e.m.c.i.embedder.EclipseLogger - Using 'UTF-8' encoding to copy filtered resources.
2023-05-13 11:54:49,272 [Worker-43: Building] INFO  o.e.m.c.i.embedder.EclipseLogger - skip non existing resourceDirectory C:\Users\dines\eclipse-workspace\Yess Infotech\SpringProject\src\main\resources
2023-05-13 11:54:49,274 [Worker-43: Building] INFO  o.e.m.c.i.embedder.EclipseLogger - Using 'UTF-8' encoding to copy filtered resources.
2023-05-13 11:54:49,274 [Worker-43: Building] INFO  o.e.m.c.i.embedder.EclipseLogger - skip non existing resourceDirectory C:\Users\dines\eclipse-workspace\Yess Infotech\SpringProject\src\test\resources
2023-05-13 11:55:06,869 [Worker-50: Building] INFO  o.e.m.c.i.embedder.EclipseLogger - Using 'UTF-8' encoding to copy filtered resources.
2023-05-13 11:55:06,870 [Worker-50: Building] INFO  o.e.m.c.i.embedder.EclipseLogger - skip non existing resourceDirectory C:\Users\dines\eclipse-workspace\Yess Infotech\SpringProject\src\main\resources
2023-05-13 11:55:06,871 [Worker-50: Building] INFO  o.e.m.c.i.embedder.EclipseLogger - Using 'UTF-8' encoding to copy filtered resources.
2023-05-13 11:55:06,871 [Worker-50: Building] INFO  o.e.m.c.i.embedder.EclipseLogger - skip non existing resourceDirectory C:\Users\dines\eclipse-workspace\Yess Infotech\SpringProject\src\test\resources
2023-05-13 11:57:10,668 [Worker-52: Building] INFO  o.e.m.c.i.embedder.EclipseLogger - Using 'UTF-8' encoding to copy filtered resources.
2023-05-13 11:57:10,668 [Worker-52: Building] INFO  o.e.m.c.i.embedder.EclipseLogger - skip non existing resourceDirectory C:\Users\dines\eclipse-workspace\Yess Infotech\SpringProject\src\main\resources
2023-05-13 11:57:10,670 [Worker-52: Building] INFO  o.e.m.c.i.embedder.EclipseLogger - Using 'UTF-8' encoding to copy filtered resources.
2023-05-13 11:57:10,670 [Worker-52: Building] INFO  o.e.m.c.i.embedder.EclipseLogger - skip non existing resourceDirectory C:\Users\dines\eclipse-workspace\Yess Infotech\SpringProject\src\test\resources
2023-05-13 11:58:01,977 [Worker-51: Building] INFO  o.e.m.c.i.embedder.EclipseLogger - Using 'UTF-8' encoding to copy filtered resources.
2023-05-13 11:58:01,977 [Worker-51: Building] INFO  o.e.m.c.i.embedder.EclipseLogger - skip non existing resourceDirectory C:\Users\dines\eclipse-workspace\Yess Infotech\SpringProject\src\main\resources
2023-05-13 11:58:01,978 [Worker-51: Building] INFO  o.e.m.c.i.embedder.EclipseLogger - Using 'UTF-8' encoding to copy filtered resources.
2023-05-13 11:58:01,979 [Worker-51: Building] INFO  o.e.m.c.i.embedder.EclipseLogger - skip non existing resourceDirectory C:\Users\dines\eclipse-workspace\Yess Infotech\SpringProject\src\test\resources
2023-05-13 11:58:17,685 [Worker-50: Building] INFO  o.e.m.c.i.embedder.EclipseLogger - Using 'UTF-8' encoding to copy filtered resources.
2023-05-13 11:58:17,685 [Worker-50: Building] INFO  o.e.m.c.i.embedder.EclipseLogger - skip non existing resourceDirectory C:\Users\dines\eclipse-workspace\Yess Infotech\SpringProject\src\main\resources
2023-05-13 11:58:17,686 [Worker-50: Building] INFO  o.e.m.c.i.embedder.EclipseLogger - Using 'UTF-8' encoding to copy filtered resources.
2023-05-13 11:58:17,686 [Worker-50: Building] INFO  o.e.m.c.i.embedder.EclipseLogger - skip non existing resourceDirectory C:\Users\dines\eclipse-workspace\Yess Infotech\SpringProject\src\test\resources
2023-05-13 11:58:30,212 [Worker-52: Building] INFO  o.e.m.c.i.embedder.EclipseLogger - Using 'UTF-8' encoding to copy filtered resources.
2023-05-13 11:58:30,212 [Worker-52: Building] INFO  o.e.m.c.i.embedder.EclipseLogger - skip non existing resourceDirectory C:\Users\dines\eclipse-workspace\Yess Infotech\SpringProject\src\main\resources
2023-05-13 11:58:30,213 [Worker-52: Building] INFO  o.e.m.c.i.embedder.EclipseLogger - Using 'UTF-8' encoding to copy filtered resources.
2023-05-13 11:58:30,214 [Worker-52: Building] INFO  o.e.m.c.i.embedder.EclipseLogger - skip non existing resourceDirectory C:\Users\dines\eclipse-workspace\Yess Infotech\SpringProject\src\test\resources
2023-05-13 11:58:46,757 [Worker-55: Building] INFO  o.e.m.c.i.embedder.EclipseLogger - Using 'UTF-8' encoding to copy filtered resources.
2023-05-13 11:58:46,758 [Worker-55: Building] INFO  o.e.m.c.i.embedder.EclipseLogger - skip non existing resourceDirectory C:\Users\dines\eclipse-workspace\Yess Infotech\SpringProject\src\main\resources
2023-05-13 11:58:46,759 [Worker-55: Building] INFO  o.e.m.c.i.embedder.EclipseLogger - Using 'UTF-8' encoding to copy filtered resources.
2023-05-13 11:58:46,759 [Worker-55: Building] INFO  o.e.m.c.i.embedder.EclipseLogger - skip non existing resourceDirectory C:\Users\dines\eclipse-workspace\Yess Infotech\SpringProject\src\test\resources
2023-05-13 11:59:47,283 [Worker-53: Building] INFO  o.e.m.c.i.embedder.EclipseLogger - Using 'UTF-8' encoding to copy filtered resources.
2023-05-13 11:59:47,283 [Worker-53: Building] INFO  o.e.m.c.i.embedder.EclipseLogger - skip non existing resourceDirectory C:\Users\dines\eclipse-workspace\Yess Infotech\SpringProject\src\main\resources
2023-05-13 11:59:47,284 [Worker-53: Building] INFO  o.e.m.c.i.embedder.EclipseLogger - Using 'UTF-8' encoding to copy filtered resources.
2023-05-13 11:59:47,285 [Worker-53: Building] INFO  o.e.m.c.i.embedder.EclipseLogger - skip non existing resourceDirectory C:\Users\dines\eclipse-workspace\Yess Infotech\SpringProject\src\test\resources
2023-05-13 12:08:18,060 [Worker-3: Loading available Gradle versions] INFO  o.e.b.c.i.u.g.PublishedGradleVersions - Gradle version information cache is up-to-date. Trying to read.
2023-05-13 12:08:56,338 [Worker-13: reload maven project] WARN  o.e.m.c.i.embedder.EclipseLogger - The artifact mysql:mysql-connector-java:jar:8.0.32 has been relocated to com.mysql:mysql-connector-j:jar:8.0.32: MySQL Connector/J artifacts moved to reverse-DNS compliant Maven 2+ coordinates.
2023-05-13 12:21:03,568 [Worker-12: Building] INFO  o.e.m.c.i.embedder.EclipseLogger - Using 'UTF-8' encoding to copy filtered resources.
2023-05-13 12:21:03,568 [Worker-12: Building] INFO  o.e.m.c.i.embedder.EclipseLogger - skip non existing resourceDirectory C:\Users\dines\eclipse-workspace\Yess Infotech\SpringProject\src\main\resources
2023-05-13 12:21:03,571 [Worker-12: Building] INFO  o.e.m.c.i.embedder.EclipseLogger - Using 'UTF-8' encoding to copy filtered resources.
2023-05-13 12:21:03,571 [Worker-12: Building] INFO  o.e.m.c.i.embedder.EclipseLogger - skip non existing resourceDirectory C:\Users\dines\eclipse-workspace\Yess Infotech\SpringProject\src\test\resources
2023-05-13 12:22:28,130 [Worker-25: Building] INFO  o.e.m.c.i.embedder.EclipseLogger - Using 'UTF-8' encoding to copy filtered resources.
2023-05-13 12:22:28,131 [Worker-25: Building] INFO  o.e.m.c.i.embedder.EclipseLogger - skip non existing resourceDirectory C:\Users\dines\eclipse-workspace\Yess Infotech\SpringProject\src\main\resources
2023-05-13 12:22:28,135 [Worker-25: Building] INFO  o.e.m.c.i.embedder.EclipseLogger - Using 'UTF-8' encoding to copy filtered resources.
2023-05-13 12:22:28,136 [Worker-25: Building] INFO  o.e.m.c.i.embedder.EclipseLogger - skip non existing resourceDirectory C:\Users\dines\eclipse-workspace\Yess Infotech\SpringProject\src\test\resources
2023-05-13 12:26:22,095 [Worker-1: Building] INFO  o.e.m.c.i.embedder.EclipseLogger - Using 'UTF-8' encoding to copy filtered resources.
2023-05-13 12:26:22,095 [Worker-1: Building] INFO  o.e.m.c.i.embedder.EclipseLogger - skip non existing resourceDirectory C:\Users\dines\eclipse-workspace\Yess Infotech\SpringProject\src\main\resources
2023-05-13 12:26:22,118 [Worker-1: Building] INFO  o.e.m.c.i.embedder.EclipseLogger - Using 'UTF-8' encoding to copy filtered resources.
2023-05-13 12:26:22,119 [Worker-1: Building] INFO  o.e.m.c.i.embedder.EclipseLogger - skip non existing resourceDirectory C:\Users\dines\eclipse-workspace\Yess Infotech\SpringProject\src\test\resources
2023-05-13 12:26:24,615 [Worker-28: Building] INFO  o.e.m.c.i.embedder.EclipseLogger - Using 'UTF-8' encoding to copy filtered resources.
2023-05-13 12:26:24,615 [Worker-28: Building] INFO  o.e.m.c.i.embedder.EclipseLogger - skip non existing resourceDirectory C:\Users\dines\eclipse-workspace\Yess Infotech\SpringProject\src\main\resources
2023-05-13 12:26:24,620 [Worker-28: Building] INFO  o.e.m.c.i.embedder.EclipseLogger - Using 'UTF-8' encoding to copy filtered resources.
2023-05-13 12:26:24,620 [Worker-28: Building] INFO  o.e.m.c.i.embedder.EclipseLogger - skip non existing resourceDirectory C:\Users\dines\eclipse-workspace\Yess Infotech\SpringProject\src\test\resources
2023-05-13 12:26:45,400 [Worker-24: Building] INFO  o.e.m.c.i.embedder.EclipseLogger - Using 'UTF-8' encoding to copy filtered resources.
2023-05-13 12:26:45,401 [Worker-24: Building] INFO  o.e.m.c.i.embedder.EclipseLogger - skip non existing resourceDirectory C:\Users\dines\eclipse-workspace\Yess Infotech\SpringProject\src\main\resources
2023-05-13 12:26:45,404 [Worker-24: Building] INFO  o.e.m.c.i.embedder.EclipseLogger - Using 'UTF-8' encoding to copy filtered resources.
2023-05-13 12:26:45,405 [Worker-24: Building] INFO  o.e.m.c.i.embedder.EclipseLogger - skip non existing resourceDirectory C:\Users\dines\eclipse-workspace\Yess Infotech\SpringProject\src\test\resources
2023-05-13 12:26:46,770 [Worker-25: Building] INFO  o.e.m.c.i.embedder.EclipseLogger - Using 'UTF-8' encoding to copy filtered resources.
2023-05-13 12:26:46,770 [Worker-25: Building] INFO  o.e.m.c.i.embedder.EclipseLogger - skip non existing resourceDirectory C:\Users\dines\eclipse-workspace\Yess Infotech\SpringProject\src\main\resources
2023-05-13 12:26:46,772 [Worker-25: Building] INFO  o.e.m.c.i.embedder.EclipseLogger - Using 'UTF-8' encoding to copy filtered resources.
2023-05-13 12:26:46,772 [Worker-25: Building] INFO  o.e.m.c.i.embedder.EclipseLogger - skip non existing resourceDirectory C:\Users\dines\eclipse-workspace\Yess Infotech\SpringProject\src\test\resources
2023-05-13 12:27:48,684 [Worker-28: Building] INFO  o.e.m.c.i.embedder.EclipseLogger - Using 'UTF-8' encoding to copy filtered resources.
2023-05-13 12:27:48,684 [Worker-28: Building] INFO  o.e.m.c.i.embedder.EclipseLogger - skip non existing resourceDirectory C:\Users\dines\eclipse-workspace\Yess Infotech\SpringProject\src\main\resources
2023-05-13 12:27:48,687 [Worker-28: Building] INFO  o.e.m.c.i.embedder.EclipseLogger - Using 'UTF-8' encoding to copy filtered resources.
2023-05-13 12:27:48,687 [Worker-28: Building] INFO  o.e.m.c.i.embedder.EclipseLogger - skip non existing resourceDirectory C:\Users\dines\eclipse-workspace\Yess Infotech\SpringProject\src\test\resources
2023-05-13 12:28:22,874 [Worker-25: Building] INFO  o.e.m.c.i.embedder.EclipseLogger - Using 'UTF-8' encoding to copy filtered resources.
2023-05-13 12:28:22,874 [Worker-25: Building] INFO  o.e.m.c.i.embedder.EclipseLogger - skip non existing resourceDirectory C:\Users\dines\eclipse-workspace\Yess Infotech\SpringProject\src\main\resources
2023-05-13 12:28:22,878 [Worker-25: Building] INFO  o.e.m.c.i.embedder.EclipseLogger - Using 'UTF-8' encoding to copy filtered resources.
2023-05-13 12:28:22,879 [Worker-25: Building] INFO  o.e.m.c.i.embedder.EclipseLogger - skip non existing resourceDirectory C:\Users\dines\eclipse-workspace\Yess Infotech\SpringProject\src\test\resources
2023-05-13 12:28:56,975 [Worker-24: Building] INFO  o.e.m.c.i.embedder.EclipseLogger - Using 'UTF-8' encoding to copy filtered resources.
2023-05-13 12:28:56,976 [Worker-24: Building] INFO  o.e.m.c.i.embedder.EclipseLogger - skip non existing resourceDirectory C:\Users\dines\eclipse-workspace\Yess Infotech\SpringProject\src\main\resources
2023-05-13 12:28:56,978 [Worker-24: Building] INFO  o.e.m.c.i.embedder.EclipseLogger - Using 'UTF-8' encoding to copy filtered resources.
2023-05-13 12:28:56,978 [Worker-24: Building] INFO  o.e.m.c.i.embedder.EclipseLogger - skip non existing resourceDirectory C:\Users\dines\eclipse-workspace\Yess Infotech\SpringProject\src\test\resources
2023-05-13 12:29:58,177 [Worker-4: Loading available Gradle versions] INFO  o.e.b.c.i.u.g.PublishedGradleVersions - Gradle version information cache is up-to-date. Trying to read.
2023-05-13 12:37:52,966 [Worker-1: Loading available Gradle versions] INFO  o.e.b.c.i.u.g.PublishedGradleVersions - Gradle version information cache is up-to-date. Trying to read.
2023-05-13 12:40:53,619 [Worker-6: Building] WARN  o.e.m.c.i.embedder.EclipseLogger - The artifact mysql:mysql-connector-java:jar:8.0.32 has been relocated to com.mysql:mysql-connector-j:jar:8.0.32: MySQL Connector/J artifacts moved to reverse-DNS compliant Maven 2+ coordinates.
2023-05-13 12:40:54,002 [Worker-6: Building] INFO  o.e.m.c.i.embedder.EclipseLogger - Using 'UTF-8' encoding to copy filtered resources.
2023-05-13 12:40:54,002 [Worker-6: Building] INFO  o.e.m.c.i.embedder.EclipseLogger - skip non existing resourceDirectory C:\Users\dines\eclipse-workspace\Yess Infotech\HCQLProject\src\main\resources
2023-05-13 12:40:54,006 [Worker-6: Building] INFO  o.e.m.c.i.embedder.EclipseLogger - Using 'UTF-8' encoding to copy filtered resources.
2023-05-13 12:40:54,007 [Worker-6: Building] INFO  o.e.m.c.i.embedder.EclipseLogger - skip non existing resourceDirectory C:\Users\dines\eclipse-workspace\Yess Infotech\HCQLProject\src\test\resources
2023-05-13 12:40:55,799 [Worker-6: Building] WARN  o.e.m.c.i.embedder.EclipseLogger - The artifact mysql:mysql-connector-java:jar:8.0.32 has been relocated to com.mysql:mysql-connector-j:jar:8.0.32: MySQL Connector/J artifacts moved to reverse-DNS compliant Maven 2+ coordinates.
2023-05-13 12:40:55,816 [Worker-6: Building] INFO  o.e.m.c.i.embedder.EclipseLogger - Using 'UTF-8' encoding to copy filtered resources.
2023-05-13 12:40:55,816 [Worker-6: Building] INFO  o.e.m.c.i.embedder.EclipseLogger - skip non existing resourceDirectory C:\Users\dines\eclipse-workspace\Yess Infotech\HibernateProject\src\main\resources
2023-05-13 12:40:55,818 [Worker-6: Building] INFO  o.e.m.c.i.embedder.EclipseLogger - Using 'UTF-8' encoding to copy filtered resources.
2023-05-13 12:40:55,818 [Worker-6: Building] INFO  o.e.m.c.i.embedder.EclipseLogger - skip non existing resourceDirectory C:\Users\dines\eclipse-workspace\Yess Infotech\HibernateProject\src\test\resources
2023-05-13 12:40:56,937 [Worker-6: Building] WARN  o.e.m.c.i.embedder.EclipseLogger - The artifact mysql:mysql-connector-java:jar:8.0.32 has been relocated to com.mysql:mysql-connector-j:jar:8.0.32: MySQL Connector/J artifacts moved to reverse-DNS compliant Maven 2+ coordinates.
2023-05-13 12:40:56,948 [Worker-6: Building] INFO  o.e.m.c.i.p.WorkspaceClassifierResolverManager - Resolving P/HibernateProject: hibernateproject:HibernateProject:0.0.1-SNAPSHOT with classifier  to /HibernateProject/target/classes
2023-05-13 12:40:56,957 [Worker-6: Building] INFO  o.e.m.c.i.embedder.EclipseLogger - Using 'UTF-8' encoding to copy filtered resources.
2023-05-13 12:40:56,957 [Worker-6: Building] INFO  o.e.m.c.i.embedder.EclipseLogger - skip non existing resourceDirectory C:\Users\dines\eclipse-workspace\Yess Infotech\HQL\src\main\resources
2023-05-13 12:40:56,959 [Worker-6: Building] INFO  o.e.m.c.i.embedder.EclipseLogger - Using 'UTF-8' encoding to copy filtered resources.
2023-05-13 12:40:56,960 [Worker-6: Building] INFO  o.e.m.c.i.embedder.EclipseLogger - skip non existing resourceDirectory C:\Users\dines\eclipse-workspace\Yess Infotech\HQL\src\test\resources
2023-05-13 12:41:01,097 [Worker-6: Building] WARN  o.e.m.c.i.embedder.EclipseLogger - The artifact mysql:mysql-connector-java:jar:8.0.32 has been relocated to com.mysql:mysql-connector-j:jar:8.0.32: MySQL Connector/J artifacts moved to reverse-DNS compliant Maven 2+ coordinates.
2023-05-13 12:41:01,775 [Worker-6: Building] WARN  o.e.m.c.i.embedder.EclipseLogger - Using platform encoding (Cp1252 actually) to copy filtered resources, i.e. build is platform dependent!
2023-05-13 12:41:01,851 [Worker-6: Building] INFO  o.e.m.c.i.embedder.EclipseLogger - Copying 0 resource
2023-05-13 12:41:01,854 [Worker-6: Building] WARN  o.e.m.c.i.embedder.EclipseLogger - Using platform encoding (Cp1252 actually) to copy filtered resources, i.e. build is platform dependent!
2023-05-13 12:41:01,854 [Worker-6: Building] INFO  o.e.m.c.i.embedder.EclipseLogger - skip non existing resourceDirectory C:\Users\dines\eclipse-workspace\Yess Infotech\HibernateWebApp\src\test\resources
2023-05-13 12:41:06,915 [Worker-6: Building] INFO  o.e.m.c.i.embedder.EclipseLogger - Using 'UTF-8' encoding to copy filtered resources.
2023-05-13 12:41:06,915 [Worker-6: Building] INFO  o.e.m.c.i.embedder.EclipseLogger - skip non existing resourceDirectory C:\Users\dines\eclipse-workspace\Yess Infotech\HibrnateDemo\src\main\resources
2023-05-13 12:41:06,918 [Worker-6: Building] INFO  o.e.m.c.i.embedder.EclipseLogger - Using 'UTF-8' encoding to copy filtered resources.
2023-05-13 12:41:06,918 [Worker-6: Building] INFO  o.e.m.c.i.embedder.EclipseLogger - skip non existing resourceDirectory C:\Users\dines\eclipse-workspace\Yess Infotech\HibrnateDemo\src\test\resources
2023-05-13 12:41:09,233 [Worker-6: Building] WARN  o.e.m.c.i.embedder.EclipseLogger - The artifact mysql:mysql-connector-java:jar:8.0.32 has been relocated to com.mysql:mysql-connector-j:jar:8.0.32: MySQL Connector/J artifacts moved to reverse-DNS compliant Maven 2+ coordinates.
2023-05-13 12:41:09,253 [Worker-6: Building] INFO  o.e.m.c.i.embedder.EclipseLogger - Using 'UTF-8' encoding to copy filtered resources.
2023-05-13 12:41:09,253 [Worker-6: Building] INFO  o.e.m.c.i.embedder.EclipseLogger - skip non existing resourceDirectory C:\Users\dines\eclipse-workspace\Yess Infotech\SpringProject\src\main\resources
2023-05-13 12:41:09,256 [Worker-6: Building] INFO  o.e.m.c.i.embedder.EclipseLogger - Using 'UTF-8' encoding to copy filtered resources.
2023-05-13 12:41:09,257 [Worker-6: Building] INFO  o.e.m.c.i.embedder.EclipseLogger - skip non existing resourceDirectory C:\Users\dines\eclipse-workspace\Yess Infotech\SpringProject\src\test\resources
2023-05-13 23:38:32,551 [Worker-1: Loading available Gradle versions] INFO  o.e.b.c.i.u.g.PublishedGradleVersions - Gradle version information cache is up-to-date. Trying to read.
2023-05-13 23:39:36,396 [Worker-6: Building] WARN  o.e.m.c.i.embedder.EclipseLogger - The artifact mysql:mysql-connector-java:jar:8.0.32 has been relocated to com.mysql:mysql-connector-j:jar:8.0.32: MySQL Connector/J artifacts moved to reverse-DNS compliant Maven 2+ coordinates.
2023-05-14 08:49:51,250 [Worker-6: Loading available Gradle versions] INFO  o.e.b.c.i.u.g.PublishedGradleVersions - Gradle version information cache is up-to-date. Trying to read.
2023-05-14 08:49:57,237 [Worker-1: Building] WARN  o.e.m.c.i.embedder.EclipseLogger - The artifact mysql:mysql-connector-java:jar:8.0.32 has been relocated to com.mysql:mysql-connector-j:jar:8.0.32: MySQL Connector/J artifacts moved to reverse-DNS compliant Maven 2+ coordinates.
2023-05-15 09:11:19,462 [Worker-2: Loading available Gradle versions] INFO  o.e.b.c.i.u.g.PublishedGradleVersions - Gradle version information cache is up-to-date. Trying to read.
2023-05-15 09:22:57,418 [Worker-23: Building] WARN  o.e.m.c.i.embedder.EclipseLogger - The artifact mysql:mysql-connector-java:jar:8.0.32 has been relocated to com.mysql:mysql-connector-j:jar:8.0.32: MySQL Connector/J artifacts moved to reverse-DNS compliant Maven 2+ coordinates.
2023-05-15 09:22:58,887 [Worker-23: Building] INFO  o.e.m.c.i.embedder.EclipseLogger - Using 'UTF-8' encoding to copy filtered resources.
2023-05-15 09:22:58,888 [Worker-23: Building] INFO  o.e.m.c.i.embedder.EclipseLogger - skip non existing resourceDirectory C:\Users\dines\eclipse-workspace\Yess Infotech\SpringProject\src\main\resources
2023-05-15 09:22:58,891 [Worker-23: Building] INFO  o.e.m.c.i.embedder.EclipseLogger - Using 'UTF-8' encoding to copy filtered resources.
2023-05-15 09:22:58,892 [Worker-23: Building] INFO  o.e.m.c.i.embedder.EclipseLogger - skip non existing resourceDirectory C:\Users\dines\eclipse-workspace\Yess Infotech\SpringProject\src\test\resources
